09-17 00:33:18 [ERROR] nonebot | Failed to import "word_clouds"
Traceback (most recent call last):

  File "C:\Program Files\zhenxun\zhenxun_bot-dev\bot.py", line 24, in <module>
    nonebot.load_plugins("zhenxun/plugins")
    │       └ <function load_plugins at 0x0000017DDC487F60>
    └ <module 'nonebot' from 'C:\\Users\\Administrator\\AppData\\Local\\pypoetry\\Cache\\virtualenvs\\zhenxun-bot-k9jvl_fX-py3.12\\...

  File "C:\Users\Administrator\AppData\Local\pypoetry\Cache\virtualenvs\zhenxun-bot-k9jvl_fX-py3.12\Lib\site-packages\nonebot\plugin\load.py", line 51, in load_plugins
    return manager.load_all_plugins()
           │       └ <function PluginManager.load_all_plugins at 0x0000017DDC486340>
           └ PluginManager(available_plugins={'ai': 'zhenxun.plugins.ai', 'bilibili_sub': 'zhenxun.plugins.bilibili_sub', 'black_word': 'z...
  File "C:\Users\Administrator\AppData\Local\pypoetry\Cache\virtualenvs\zhenxun-bot-k9jvl_fX-py3.12\Lib\site-packages\nonebot\plugin\manager.py", line 203, in load_all_plugins
    return set(
  File "C:\Users\Administrator\AppData\Local\pypoetry\Cache\virtualenvs\zhenxun-bot-k9jvl_fX-py3.12\Lib\site-packages\nonebot\plugin\manager.py", line 204, in <genexpr>
    filter(None, (self.load_plugin(name) for name in self.available_plugins))
                  │    │           │         │       │    └ <property object at 0x0000017DDC482250>
                  │    │           │         │       └ PluginManager(available_plugins={'ai': 'zhenxun.plugins.ai', 'bilibili_sub': 'zhenxun.plugins.bilibili_sub', 'black_word': 'z...
                  │    │           │         └ 'word_clouds'
                  │    │           └ 'word_clouds'
                  │    └ <function PluginManager.load_plugin at 0x0000017DDC4862A0>
                  └ PluginManager(available_plugins={'ai': 'zhenxun.plugins.ai', 'bilibili_sub': 'zhenxun.plugins.bilibili_sub', 'black_word': 'z...
> File "C:\Users\Administrator\AppData\Local\pypoetry\Cache\virtualenvs\zhenxun-bot-k9jvl_fX-py3.12\Lib\site-packages\nonebot\plugin\manager.py", line 169, in load_plugin
    module = importlib.import_module(self._searched_plugin_ids[name])
             │         │             │    │                    └ 'word_clouds'
             │         │             │    └ {'ai': 'zhenxun.plugins.ai', 'bilibili_sub': 'zhenxun.plugins.bilibili_sub', 'black_word': 'zhenxun.plugins.black_word', 'bt'...
             │         │             └ PluginManager(available_plugins={'ai': 'zhenxun.plugins.ai', 'bilibili_sub': 'zhenxun.plugins.bilibili_sub', 'black_word': 'z...
             │         └ <function import_module at 0x0000017DD99CF880>
             └ <module 'importlib' from 'C:\\Users\\Administrator\\AppData\\Local\\Programs\\Python\\Python312\\Lib\\importlib\\__init__.py'>
  File "C:\Users\Administrator\AppData\Local\Programs\Python\Python312\Lib\importlib\__init__.py", line 90, in import_module
    return _bootstrap._gcd_import(name[level:], package, level)
           │          │           │    │        │        └ 0
           │          │           │    │        └ None
           │          │           │    └ 0
           │          │           └ 'zhenxun.plugins.word_clouds'
           │          └ <function _gcd_import at 0x0000017DD979C0E0>
           └ <module '_frozen_importlib' (frozen)>
  File "<frozen importlib._bootstrap>", line 1387, in _gcd_import
  File "<frozen importlib._bootstrap>", line 1360, in _find_and_load
  File "<frozen importlib._bootstrap>", line 1331, in _find_and_load_unlocked
  File "<frozen importlib._bootstrap>", line 935, in _load_unlocked
  File "C:\Users\Administrator\AppData\Local\pypoetry\Cache\virtualenvs\zhenxun-bot-k9jvl_fX-py3.12\Lib\site-packages\nonebot\plugin\manager.py", line 255, in exec_module
    super().exec_module(module)
                        └ <module 'zhenxun.plugins.word_clouds' from 'C:\\Program Files\\zhenxun\\zhenxun_bot-dev\\zhenxun\\plugins\\word_clouds\\__ini...
  File "<frozen importlib._bootstrap_external>", line 995, in exec_module
  File "<frozen importlib._bootstrap>", line 488, in _call_with_frames_removed

  File "C:\Program Files\zhenxun\zhenxun_bot-dev\zhenxun\plugins\word_clouds\__init__.py", line 20, in <module>
    from .data_source import draw_word_cloud, get_list_msg

  File "C:\Program Files\zhenxun\zhenxun_bot-dev\zhenxun\plugins\word_clouds\data_source.py", line 6, in <module>
    import jieba

ModuleNotFoundError: No module named 'jieba'
09-17 03:55:38 [ERROR] nonebot | Running Matcher(type='message', module=zhenxun.plugins.parse_bilibili, lineno=54) failed.
Traceback (most recent call last):

  File "C:\Program Files\zhenxun\zhenxun_bot-dev\bot.py", line 28, in <module>
    nonebot.run()
    │       └ <function run at 0x0000017DDC358AE0>
    └ <module 'nonebot' from 'C:\\Users\\Administrator\\AppData\\Local\\pypoetry\\Cache\\virtualenvs\\zhenxun-bot-k9jvl_fX-py3.12\\...

  File "C:\Users\Administrator\AppData\Local\pypoetry\Cache\virtualenvs\zhenxun-bot-k9jvl_fX-py3.12\Lib\site-packages\nonebot\__init__.py", line 335, in run
    get_driver().run(*args, **kwargs)
    │                 │       └ {}
    │                 └ ()
    └ <function get_driver at 0x0000017DD99CD4E0>
  File "C:\Users\Administrator\AppData\Local\pypoetry\Cache\virtualenvs\zhenxun-bot-k9jvl_fX-py3.12\Lib\site-packages\nonebot\drivers\fastapi.py", line 186, in run
    uvicorn.run(
    │       └ <function run at 0x0000017DDD376480>
    └ <module 'uvicorn' from 'C:\\Users\\Administrator\\AppData\\Local\\pypoetry\\Cache\\virtualenvs\\zhenxun-bot-k9jvl_fX-py3.12\\...
  File "C:\Users\Administrator\AppData\Local\pypoetry\Cache\virtualenvs\zhenxun-bot-k9jvl_fX-py3.12\Lib\site-packages\uvicorn\main.py", line 577, in run
    server.run()
    │      └ <function Server.run at 0x0000017DDD33CA40>
    └ <uvicorn.server.Server object at 0x0000017DE823F770>
  File "C:\Users\Administrator\AppData\Local\pypoetry\Cache\virtualenvs\zhenxun-bot-k9jvl_fX-py3.12\Lib\site-packages\uvicorn\server.py", line 65, in run
    return asyncio.run(self.serve(sockets=sockets))
           │       │   │    │             └ None
           │       │   │    └ <function Server.serve at 0x0000017DDD33CAE0>
           │       │   └ <uvicorn.server.Server object at 0x0000017DE823F770>
           │       └ <function run at 0x0000017DDA070EA0>
           └ <module 'asyncio' from 'C:\\Users\\Administrator\\AppData\\Local\\Programs\\Python\\Python312\\Lib\\asyncio\\__init__.py'>
  File "C:\Users\Administrator\AppData\Local\Programs\Python\Python312\Lib\asyncio\runners.py", line 194, in run
    return runner.run(main)
           │      │   └ <coroutine object Server.serve at 0x0000017DE8282960>
           │      └ <function Runner.run at 0x0000017DDBD71260>
           └ <asyncio.runners.Runner object at 0x0000017DE823FE90>
  File "C:\Users\Administrator\AppData\Local\Programs\Python\Python312\Lib\asyncio\runners.py", line 118, in run
    return self._loop.run_until_complete(task)
           │    │     │                  └ <Task pending name='Task-1' coro=<Server.serve() running at C:\Users\Administrator\AppData\Local\pypoetry\Cache\virtualenvs\z...
           │    │     └ <function BaseEventLoop.run_until_complete at 0x0000017DDBD6EDE0>
           │    └ <ProactorEventLoop running=True closed=False debug=False>
           └ <asyncio.runners.Runner object at 0x0000017DE823FE90>
  File "C:\Users\Administrator\AppData\Local\Programs\Python\Python312\Lib\asyncio\base_events.py", line 674, in run_until_complete
    self.run_forever()
    │    └ <function ProactorEventLoop.run_forever at 0x0000017DDBDDC360>
    └ <ProactorEventLoop running=True closed=False debug=False>
  File "C:\Users\Administrator\AppData\Local\Programs\Python\Python312\Lib\asyncio\windows_events.py", line 322, in run_forever
    super().run_forever()
  File "C:\Users\Administrator\AppData\Local\Programs\Python\Python312\Lib\asyncio\base_events.py", line 641, in run_forever
    self._run_once()
    │    └ <function BaseEventLoop._run_once at 0x0000017DDBD70B80>
    └ <ProactorEventLoop running=True closed=False debug=False>
  File "C:\Users\Administrator\AppData\Local\Programs\Python\Python312\Lib\asyncio\base_events.py", line 1986, in _run_once
    handle._run()
    │      └ <function Handle._run at 0x0000017DDA578720>
    └ <Handle Task.task_wakeup(<_GatheringFu...a334c75'}})]]>)>
  File "C:\Users\Administrator\AppData\Local\Programs\Python\Python312\Lib\asyncio\events.py", line 88, in _run
    self._context.run(self._callback, *self._args)
    │    │            │    │           │    └ <member '_args' of 'Handle' objects>
    │    │            │    │           └ <Handle Task.task_wakeup(<_GatheringFu...a334c75'}})]]>)>
    │    │            │    └ <member '_callback' of 'Handle' objects>
    │    │            └ <Handle Task.task_wakeup(<_GatheringFu...a334c75'}})]]>)>
    │    └ <member '_context' of 'Handle' objects>
    └ <Handle Task.task_wakeup(<_GatheringFu...a334c75'}})]]>)>
  File "C:\Users\Administrator\AppData\Local\pypoetry\Cache\virtualenvs\zhenxun-bot-k9jvl_fX-py3.12\Lib\site-packages\nonebot\message.py", line 476, in check_and_run_matcher
    await _run_matcher(
          └ <function _run_matcher at 0x0000017DDC49F380>
> File "C:\Users\Administrator\AppData\Local\pypoetry\Cache\virtualenvs\zhenxun-bot-k9jvl_fX-py3.12\Lib\site-packages\nonebot\message.py", line 428, in _run_matcher
    await matcher.run(bot, event, state, stack, dependency_cache)
          │       │   │    │      │      │      └ {<function _uni_msg at 0x0000017DDFFE9080>: <Task finished name='Task-427892' coro=<_uni_msg() done, defined at C:\Users\Admi...
          │       │   │    │      │      └ <contextlib.AsyncExitStack object at 0x0000017DEF529790>
          │       │   │    │      └ {'_prefix': {'command': None, 'raw_command': None, 'command_arg': None, 'command_start': None, 'command_whitespace': None}}
          │       │   │    └ PrivateMessageEvent(time=1726516538, self_id=3973508735, post_type='message', sub_type='friend', user_id=2747277822, message_...
          │       │   └ Bot(type='OneBot V11', self_id='3973508735')
          │       └ <function Matcher.run at 0x0000017DDC3A2200>
          └ Matcher(type='message', module=zhenxun.plugins.parse_bilibili, lineno=54)
  File "C:\Users\Administrator\AppData\Local\pypoetry\Cache\virtualenvs\zhenxun-bot-k9jvl_fX-py3.12\Lib\site-packages\nonebot\internal\matcher\matcher.py", line 850, in run
    await self.simple_run(bot, event, state, stack, dependency_cache)
          │    │          │    │      │      │      └ {<function _uni_msg at 0x0000017DDFFE9080>: <Task finished name='Task-427892' coro=<_uni_msg() done, defined at C:\Users\Admi...
          │    │          │    │      │      └ <contextlib.AsyncExitStack object at 0x0000017DEF529790>
          │    │          │    │      └ {'_prefix': {'command': None, 'raw_command': None, 'command_arg': None, 'command_start': None, 'command_whitespace': None}}
          │    │          │    └ PrivateMessageEvent(time=1726516538, self_id=3973508735, post_type='message', sub_type='friend', user_id=2747277822, message_...
          │    │          └ Bot(type='OneBot V11', self_id='3973508735')
          │    └ <function Matcher.simple_run at 0x0000017DDC3A2160>
          └ Matcher(type='message', module=zhenxun.plugins.parse_bilibili, lineno=54)
  File "C:\Users\Administrator\AppData\Local\pypoetry\Cache\virtualenvs\zhenxun-bot-k9jvl_fX-py3.12\Lib\site-packages\nonebot\internal\matcher\matcher.py", line 825, in simple_run
    await handler(
          └ Dependent(call=_)
  File "C:\Users\Administrator\AppData\Local\pypoetry\Cache\virtualenvs\zhenxun-bot-k9jvl_fX-py3.12\Lib\site-packages\nonebot\dependencies\__init__.py", line 94, in __call__
    return await cast(Callable[..., Awaitable[R]], self.call)(**values)
                 │    │             │         │    │    │       └ {'session': Session(bot_id='3973508735', bot_type='OneBot V11', platform='qq', level=<SessionLevel.LEVEL1: 1>, id1='274727782...
                 │    │             │         │    │    └ <function _ at 0x0000017DE739D760>
                 │    │             │         │    └ Dependent(call=_)
                 │    │             │         └ ~R
                 │    │             └ <class 'collections.abc.Awaitable'>
                 │    └ typing.Callable
                 └ <function cast at 0x0000017DD9FB0540>

  File "C:\Program Files\zhenxun\zhenxun_bot-dev\zhenxun\plugins\parse_bilibili\__init__.py", line 86, in _
    get_url = (qqdocurl_value if qqdocurl_value else jumpUrl_value).split("?")[
               │                 │                   └ {}
               │                 └ {}
               └ {}

AttributeError: 'dict' object has no attribute 'split'
09-17 03:55:52 [ERROR] nonebot | Running Matcher(type='message', module=zhenxun.plugins.ai, lineno=54) failed.
Traceback (most recent call last):

  File "C:\Program Files\zhenxun\zhenxun_bot-dev\bot.py", line 28, in <module>
    nonebot.run()
    │       └ <function run at 0x0000017DDC358AE0>
    └ <module 'nonebot' from 'C:\\Users\\Administrator\\AppData\\Local\\pypoetry\\Cache\\virtualenvs\\zhenxun-bot-k9jvl_fX-py3.12\\...

  File "C:\Users\Administrator\AppData\Local\pypoetry\Cache\virtualenvs\zhenxun-bot-k9jvl_fX-py3.12\Lib\site-packages\nonebot\__init__.py", line 335, in run
    get_driver().run(*args, **kwargs)
    │                 │       └ {}
    │                 └ ()
    └ <function get_driver at 0x0000017DD99CD4E0>
  File "C:\Users\Administrator\AppData\Local\pypoetry\Cache\virtualenvs\zhenxun-bot-k9jvl_fX-py3.12\Lib\site-packages\nonebot\drivers\fastapi.py", line 186, in run
    uvicorn.run(
    │       └ <function run at 0x0000017DDD376480>
    └ <module 'uvicorn' from 'C:\\Users\\Administrator\\AppData\\Local\\pypoetry\\Cache\\virtualenvs\\zhenxun-bot-k9jvl_fX-py3.12\\...
  File "C:\Users\Administrator\AppData\Local\pypoetry\Cache\virtualenvs\zhenxun-bot-k9jvl_fX-py3.12\Lib\site-packages\uvicorn\main.py", line 577, in run
    server.run()
    │      └ <function Server.run at 0x0000017DDD33CA40>
    └ <uvicorn.server.Server object at 0x0000017DE823F770>
  File "C:\Users\Administrator\AppData\Local\pypoetry\Cache\virtualenvs\zhenxun-bot-k9jvl_fX-py3.12\Lib\site-packages\uvicorn\server.py", line 65, in run
    return asyncio.run(self.serve(sockets=sockets))
           │       │   │    │             └ None
           │       │   │    └ <function Server.serve at 0x0000017DDD33CAE0>
           │       │   └ <uvicorn.server.Server object at 0x0000017DE823F770>
           │       └ <function run at 0x0000017DDA070EA0>
           └ <module 'asyncio' from 'C:\\Users\\Administrator\\AppData\\Local\\Programs\\Python\\Python312\\Lib\\asyncio\\__init__.py'>
  File "C:\Users\Administrator\AppData\Local\Programs\Python\Python312\Lib\asyncio\runners.py", line 194, in run
    return runner.run(main)
           │      │   └ <coroutine object Server.serve at 0x0000017DE8282960>
           │      └ <function Runner.run at 0x0000017DDBD71260>
           └ <asyncio.runners.Runner object at 0x0000017DE823FE90>
  File "C:\Users\Administrator\AppData\Local\Programs\Python\Python312\Lib\asyncio\runners.py", line 118, in run
    return self._loop.run_until_complete(task)
           │    │     │                  └ <Task pending name='Task-1' coro=<Server.serve() running at C:\Users\Administrator\AppData\Local\pypoetry\Cache\virtualenvs\z...
           │    │     └ <function BaseEventLoop.run_until_complete at 0x0000017DDBD6EDE0>
           │    └ <ProactorEventLoop running=True closed=False debug=False>
           └ <asyncio.runners.Runner object at 0x0000017DE823FE90>
  File "C:\Users\Administrator\AppData\Local\Programs\Python\Python312\Lib\asyncio\base_events.py", line 674, in run_until_complete
    self.run_forever()
    │    └ <function ProactorEventLoop.run_forever at 0x0000017DDBDDC360>
    └ <ProactorEventLoop running=True closed=False debug=False>
  File "C:\Users\Administrator\AppData\Local\Programs\Python\Python312\Lib\asyncio\windows_events.py", line 322, in run_forever
    super().run_forever()
  File "C:\Users\Administrator\AppData\Local\Programs\Python\Python312\Lib\asyncio\base_events.py", line 641, in run_forever
    self._run_once()
    │    └ <function BaseEventLoop._run_once at 0x0000017DDBD70B80>
    └ <ProactorEventLoop running=True closed=False debug=False>
  File "C:\Users\Administrator\AppData\Local\Programs\Python\Python312\Lib\asyncio\base_events.py", line 1986, in _run_once
    handle._run()
    │      └ <function Handle._run at 0x0000017DDA578720>
    └ <Handle Task.task_wakeup(<Future finis...': 1200, ...}>)>
  File "C:\Users\Administrator\AppData\Local\Programs\Python\Python312\Lib\asyncio\events.py", line 88, in _run
    self._context.run(self._callback, *self._args)
    │    │            │    │           │    └ <member '_args' of 'Handle' objects>
    │    │            │    │           └ <Handle Task.task_wakeup(<Future finis...': 1200, ...}>)>
    │    │            │    └ <member '_callback' of 'Handle' objects>
    │    │            └ <Handle Task.task_wakeup(<Future finis...': 1200, ...}>)>
    │    └ <member '_context' of 'Handle' objects>
    └ <Handle Task.task_wakeup(<Future finis...': 1200, ...}>)>
  File "C:\Users\Administrator\AppData\Local\pypoetry\Cache\virtualenvs\zhenxun-bot-k9jvl_fX-py3.12\Lib\site-packages\nonebot\message.py", line 476, in check_and_run_matcher
    await _run_matcher(
          └ <function _run_matcher at 0x0000017DDC49F380>
> File "C:\Users\Administrator\AppData\Local\pypoetry\Cache\virtualenvs\zhenxun-bot-k9jvl_fX-py3.12\Lib\site-packages\nonebot\message.py", line 428, in _run_matcher
    await matcher.run(bot, event, state, stack, dependency_cache)
          │       │   │    │      │      │      └ {<function _uni_msg at 0x0000017DDFFE9080>: <Task finished name='Task-427892' coro=<_uni_msg() done, defined at C:\Users\Admi...
          │       │   │    │      │      └ <contextlib.AsyncExitStack object at 0x0000017DEF529790>
          │       │   │    │      └ {'_prefix': {'command': None, 'raw_command': None, 'command_arg': None, 'command_start': None, 'command_whitespace': None}}
          │       │   │    └ PrivateMessageEvent(time=1726516538, self_id=3973508735, post_type='message', sub_type='friend', user_id=2747277822, message_...
          │       │   └ Bot(type='OneBot V11', self_id='3973508735')
          │       └ <function Matcher.run at 0x0000017DDC3A2200>
          └ Matcher(type='message', module=zhenxun.plugins.ai, lineno=54)
  File "C:\Users\Administrator\AppData\Local\pypoetry\Cache\virtualenvs\zhenxun-bot-k9jvl_fX-py3.12\Lib\site-packages\nonebot\internal\matcher\matcher.py", line 850, in run
    await self.simple_run(bot, event, state, stack, dependency_cache)
          │    │          │    │      │      │      └ {<function _uni_msg at 0x0000017DDFFE9080>: <Task finished name='Task-427892' coro=<_uni_msg() done, defined at C:\Users\Admi...
          │    │          │    │      │      └ <contextlib.AsyncExitStack object at 0x0000017DEF529790>
          │    │          │    │      └ {'_prefix': {'command': None, 'raw_command': None, 'command_arg': None, 'command_start': None, 'command_whitespace': None}}
          │    │          │    └ PrivateMessageEvent(time=1726516538, self_id=3973508735, post_type='message', sub_type='friend', user_id=2747277822, message_...
          │    │          └ Bot(type='OneBot V11', self_id='3973508735')
          │    └ <function Matcher.simple_run at 0x0000017DDC3A2160>
          └ Matcher(type='message', module=zhenxun.plugins.ai, lineno=54)
  File "C:\Users\Administrator\AppData\Local\pypoetry\Cache\virtualenvs\zhenxun-bot-k9jvl_fX-py3.12\Lib\site-packages\nonebot\internal\matcher\matcher.py", line 825, in simple_run
    await handler(
          └ Dependent(call=_)
  File "C:\Users\Administrator\AppData\Local\pypoetry\Cache\virtualenvs\zhenxun-bot-k9jvl_fX-py3.12\Lib\site-packages\nonebot\dependencies\__init__.py", line 94, in __call__
    return await cast(Callable[..., Awaitable[R]], self.call)(**values)
                 │    │             │         │    │    │       └ {'message': [Hyper(format='json', raw='{"app":"com.tencent.gamecenter.mall","desc":"【英雄联盟手游】手游首发皮肤雷霆丹心卡蜜尔","meta":{"template3...
                 │    │             │         │    │    └ <function _ at 0x0000017DE739E700>
                 │    │             │         │    └ Dependent(call=_)
                 │    │             │         └ ~R
                 │    │             └ <class 'collections.abc.Awaitable'>
                 │    └ typing.Callable
                 └ <function cast at 0x0000017DD9FB0540>

  File "C:\Program Files\zhenxun\zhenxun_bot-dev\zhenxun\plugins\ai\__init__.py", line 87, in _
    await no_result().finish()
          └ <function no_result at 0x0000017DE7368360>

  File "C:\Users\Administrator\AppData\Local\pypoetry\Cache\virtualenvs\zhenxun-bot-k9jvl_fX-py3.12\Lib\site-packages\nonebot_plugin_alconna\uniseg\message.py", line 1407, in finish
    await self.send(target, bot, fallback, at_sender, reply_to, **kwargs)
          │    │    │       │    │         │          │           └ {}
          │    │    │       │    │         │          └ False
          │    │    │       │    │         └ False
          │    │    │       │    └ <FallbackStrategy.rollback: 'rollback'>
          │    │    │       └ None
          │    │    └ None
          │    └ <function UniMessage.send at 0x0000017DDFFE8180>
          └ [Text(text='你在说啥子？', styles={}), Image(id=None, url=None, path=WindowsPath('resources/image/noresult/0.jpg'), raw=None, mimet...
  File "C:\Users\Administrator\AppData\Local\pypoetry\Cache\virtualenvs\zhenxun-bot-k9jvl_fX-py3.12\Lib\site-packages\nonebot_plugin_alconna\uniseg\message.py", line 1395, in send
    res = await fn.send_to(target, bot, msg, **kwargs)
                │  │       │       │    │      └ {}
                │  │       │       │    └ [MessageSegment(type='text', data={'text': '你在说啥子？'}), MessageSegment(type='image', data={'file': 'file:///C:/Program%20Files...
                │  │       │       └ Bot(type='OneBot V11', self_id='3973508735')
                │  │       └ PrivateMessageEvent(time=1726516538, self_id=3973508735, post_type='message', sub_type='friend', user_id=2747277822, message_...
                │  └ <function Onebot11MessageExporter.send_to at 0x0000017DDFF9D580>
                └ <nonebot_plugin_alconna.uniseg.adapters.onebot11.exporter.Onebot11MessageExporter object at 0x0000017DDFF54800>
  File "C:\Users\Administrator\AppData\Local\pypoetry\Cache\virtualenvs\zhenxun-bot-k9jvl_fX-py3.12\Lib\site-packages\nonebot_plugin_alconna\uniseg\adapters\onebot11\exporter.py", line 155, in send_to
    return await bot.send(target, message, **kwargs)  # type: ignore
                 │   │    │       │          └ {}
                 │   │    │       └ [MessageSegment(type='text', data={'text': '你在说啥子？'}), MessageSegment(type='image', data={'file': 'file:///C:/Program%20Files...
                 │   │    └ PrivateMessageEvent(time=1726516538, self_id=3973508735, post_type='message', sub_type='friend', user_id=2747277822, message_...
                 │   └ <function Bot.send at 0x0000017DDD073EC0>
                 └ Bot(type='OneBot V11', self_id='3973508735')
  File "C:\Users\Administrator\AppData\Local\pypoetry\Cache\virtualenvs\zhenxun-bot-k9jvl_fX-py3.12\Lib\site-packages\nonebot\adapters\onebot\v11\bot.py", line 237, in send
    return await self.__class__.send_handler(self, event, message, **kwargs)
                 │    │                      │     │      │          └ {}
                 │    │                      │     │      └ [MessageSegment(type='text', data={'text': '你在说啥子？'}), MessageSegment(type='image', data={'file': 'file:///C:/Program%20Files...
                 │    │                      │     └ PrivateMessageEvent(time=1726516538, self_id=3973508735, post_type='message', sub_type='friend', user_id=2747277822, message_...
                 │    │                      └ Bot(type='OneBot V11', self_id='3973508735')
                 │    └ <attribute '__class__' of 'object' objects>
                 └ Bot(type='OneBot V11', self_id='3973508735')
  File "C:\Users\Administrator\AppData\Local\pypoetry\Cache\virtualenvs\zhenxun-bot-k9jvl_fX-py3.12\Lib\site-packages\nonebot\adapters\onebot\v11\bot.py", line 190, in send
    return await bot.send_msg(**params)
                 │              └ {'user_id': 2747277822, 'message_type': 'private', 'message': [MessageSegment(type='text', data={'text': '你在说啥子？'}), MessageS...
                 └ Bot(type='OneBot V11', self_id='3973508735')
  File "C:\Users\Administrator\AppData\Local\pypoetry\Cache\virtualenvs\zhenxun-bot-k9jvl_fX-py3.12\Lib\site-packages\nonebot\internal\adapter\bot.py", line 122, in call_api
    raise exception
          └ ActionFailed(status='failed', retcode=1200, data=None, message='Error: Timeout: NTEvent serviceAndMethod:NodeIKernelMsgServic...
  File "C:\Users\Administrator\AppData\Local\pypoetry\Cache\virtualenvs\zhenxun-bot-k9jvl_fX-py3.12\Lib\site-packages\nonebot\internal\adapter\bot.py", line 97, in call_api
    result = await self.adapter._call_api(self, api, **data)
                   │    │       │         │     │      └ {'user_id': 2747277822, 'message_type': 'private', 'message': [MessageSegment(type='text', data={'text': '你在说啥子？'}), MessageS...
                   │    │       │         │     └ 'send_msg'
                   │    │       │         └ Bot(type='OneBot V11', self_id='3973508735')
                   │    │       └ <function Adapter._call_api at 0x0000017DDD0BD4E0>
                   │    └ Adapter(name='OneBot V11')
                   └ Bot(type='OneBot V11', self_id='3973508735')
  File "C:\Users\Administrator\AppData\Local\pypoetry\Cache\virtualenvs\zhenxun-bot-k9jvl_fX-py3.12\Lib\site-packages\nonebot\adapters\onebot\v11\adapter.py", line 147, in _call_api
    return handle_api_result(await self._result_store.fetch(seq, timeout))
           │                       │    │             │     │    └ 30.0
           │                       │    │             │     └ 49
           │                       │    │             └ <function ResultStore.fetch at 0x0000017DDD0BD1C0>
           │                       │    └ <nonebot.adapters.onebot.store.ResultStore object at 0x0000017DDCFE7410>
           │                       └ Adapter(name='OneBot V11')
           └ <function handle_api_result at 0x0000017DDD0407C0>
  File "C:\Users\Administrator\AppData\Local\pypoetry\Cache\virtualenvs\zhenxun-bot-k9jvl_fX-py3.12\Lib\site-packages\nonebot\adapters\onebot\v11\utils.py", line 58, in handle_api_result
    raise ActionFailed(**result)
          │              └ {'status': 'failed', 'retcode': 1200, 'data': None, 'message': 'Error: Timeout: NTEvent serviceAndMethod:NodeIKernelMsgServic...
          └ <class 'nonebot.adapters.onebot.v11.exception.ActionFailed'>

nonebot.adapters.onebot.v11.exception.ActionFailed: ActionFailed(status='failed', retcode=1200, data=None, message='Error: Timeout: NTEvent serviceAndMethod:NodeIKernelMsgService/sendMsg ListenerName:NodeIKernelMsgListener/onMsgInfoListUpdate EventRet:\n{\n    "result": 0,\n    "errMsg": ""\n}\n\n    at Timeout.sendDataCallback [as _onTimeout] (file:///C:/Users/Administrator/Downloads/NapCat.Shell/napcat.mjs:7386:18)\n    at listOnTimeout (node:internal/timers:573:17)\n    at process.processTimers (node:internal/timers:514:7)', wording='Error: Timeout: NTEvent serviceAndMethod:NodeIKernelMsgService/sendMsg ListenerName:NodeIKernelMsgListener/onMsgInfoListUpdate EventRet:\n{\n    "result": 0,\n    "errMsg": ""\n}\n\n    at Timeout.sendDataCallback [as _onTimeout] (file:///C:/Users/Administrator/Downloads/NapCat.Shell/napcat.mjs:7386:18)\n    at listOnTimeout (node:internal/timers:573:17)\n    at process.processTimers (node:internal/timers:514:7)', echo='49')
09-17 12:18:51 [ERROR] uvicorn | Traceback (most recent call last):
  File "C:\Users\Administrator\AppData\Local\pypoetry\Cache\virtualenvs\zhenxun-bot-k9jvl_fX-py3.12\Lib\site-packages\starlette\routing.py", line 693, in lifespan
    async with self.lifespan_context(app) as maybe_state:
               ^^^^^^^^^^^^^^^^^^^^^^^^^^
  File "C:\Users\Administrator\AppData\Local\Programs\Python\Python312\Lib\contextlib.py", line 217, in __aexit__
    await anext(self.gen)
  File "C:\Users\Administrator\AppData\Local\pypoetry\Cache\virtualenvs\zhenxun-bot-k9jvl_fX-py3.12\Lib\site-packages\nonebot\drivers\fastapi.py", line 157, in _lifespan_manager
    await self._lifespan.shutdown()
  File "C:\Users\Administrator\AppData\Local\pypoetry\Cache\virtualenvs\zhenxun-bot-k9jvl_fX-py3.12\Lib\site-packages\nonebot\internal\driver\_lifespan.py", line 49, in shutdown
    await self._run_lifespan_func(self._shutdown_funcs)
  File "C:\Users\Administrator\AppData\Local\pypoetry\Cache\virtualenvs\zhenxun-bot-k9jvl_fX-py3.12\Lib\site-packages\nonebot\internal\driver\_lifespan.py", line 36, in _run_lifespan_func
    await cast(ASYNC_LIFESPAN_FUNC, func)()
  File "C:\Users\Administrator\AppData\Local\pypoetry\Cache\virtualenvs\zhenxun-bot-k9jvl_fX-py3.12\Lib\site-packages\nonebot_plugin_htmlrender\__init__.py", line 45, in shutdown
    await shutdown_browser()
  File "C:\Users\Administrator\AppData\Local\pypoetry\Cache\virtualenvs\zhenxun-bot-k9jvl_fX-py3.12\Lib\site-packages\nonebot_plugin_htmlrender\browser.py", line 79, in shutdown_browser
    await _browser.close()
  File "C:\Users\Administrator\AppData\Local\pypoetry\Cache\virtualenvs\zhenxun-bot-k9jvl_fX-py3.12\Lib\site-packages\playwright\async_api\_generated.py", line 13895, in close
    return mapping.from_maybe_impl(await self._impl_obj.close(reason=reason))
                                   ^^^^^^^^^^^^^^^^^^^^^^^^^^^^^^^^^^^^^^^^^
  File "C:\Users\Administrator\AppData\Local\pypoetry\Cache\virtualenvs\zhenxun-bot-k9jvl_fX-py3.12\Lib\site-packages\playwright\_impl\_browser.py", line 192, in close
    raise e
  File "C:\Users\Administrator\AppData\Local\pypoetry\Cache\virtualenvs\zhenxun-bot-k9jvl_fX-py3.12\Lib\site-packages\playwright\_impl\_browser.py", line 189, in close
    await self._channel.send("close", {"reason": reason})
  File "C:\Users\Administrator\AppData\Local\pypoetry\Cache\virtualenvs\zhenxun-bot-k9jvl_fX-py3.12\Lib\site-packages\playwright\_impl\_connection.py", line 59, in send
    return await self._connection.wrap_api_call(
           ^^^^^^^^^^^^^^^^^^^^^^^^^^^^^^^^^^^^^
  File "C:\Users\Administrator\AppData\Local\pypoetry\Cache\virtualenvs\zhenxun-bot-k9jvl_fX-py3.12\Lib\site-packages\playwright\_impl\_connection.py", line 514, in wrap_api_call
    raise rewrite_error(error, f"{parsed_st['apiName']}: {error}") from None
Exception: Browser.close: Connection closed while reading from the driver

09-17 12:18:51 [ERROR] uvicorn | Application shutdown failed. Exiting.
09-17 12:19:10 [ERROR] nonebot | Failed to import "word_clouds"
Traceback (most recent call last):

  File "C:\Program Files\zhenxun\zhenxun_bot-dev\bot.py", line 24, in <module>
    nonebot.load_plugins("zhenxun/plugins")
    │       └ <function load_plugins at 0x0000027A9F2A7F60>
    └ <module 'nonebot' from 'C:\\Users\\Administrator\\AppData\\Local\\pypoetry\\Cache\\virtualenvs\\zhenxun-bot-k9jvl_fX-py3.12\\...

  File "C:\Users\Administrator\AppData\Local\pypoetry\Cache\virtualenvs\zhenxun-bot-k9jvl_fX-py3.12\Lib\site-packages\nonebot\plugin\load.py", line 51, in load_plugins
    return manager.load_all_plugins()
           │       └ <function PluginManager.load_all_plugins at 0x0000027A9F2A6340>
           └ PluginManager(available_plugins={'ai': 'zhenxun.plugins.ai', 'bilibili_sub': 'zhenxun.plugins.bilibili_sub', 'black_word': 'z...
  File "C:\Users\Administrator\AppData\Local\pypoetry\Cache\virtualenvs\zhenxun-bot-k9jvl_fX-py3.12\Lib\site-packages\nonebot\plugin\manager.py", line 203, in load_all_plugins
    return set(
  File "C:\Users\Administrator\AppData\Local\pypoetry\Cache\virtualenvs\zhenxun-bot-k9jvl_fX-py3.12\Lib\site-packages\nonebot\plugin\manager.py", line 204, in <genexpr>
    filter(None, (self.load_plugin(name) for name in self.available_plugins))
                  │    │           │         │       │    └ <property object at 0x0000027A9F2A2160>
                  │    │           │         │       └ PluginManager(available_plugins={'ai': 'zhenxun.plugins.ai', 'bilibili_sub': 'zhenxun.plugins.bilibili_sub', 'black_word': 'z...
                  │    │           │         └ 'word_clouds'
                  │    │           └ 'word_clouds'
                  │    └ <function PluginManager.load_plugin at 0x0000027A9F2A62A0>
                  └ PluginManager(available_plugins={'ai': 'zhenxun.plugins.ai', 'bilibili_sub': 'zhenxun.plugins.bilibili_sub', 'black_word': 'z...
> File "C:\Users\Administrator\AppData\Local\pypoetry\Cache\virtualenvs\zhenxun-bot-k9jvl_fX-py3.12\Lib\site-packages\nonebot\plugin\manager.py", line 169, in load_plugin
    module = importlib.import_module(self._searched_plugin_ids[name])
             │         │             │    │                    └ 'word_clouds'
             │         │             │    └ {'ai': 'zhenxun.plugins.ai', 'bilibili_sub': 'zhenxun.plugins.bilibili_sub', 'black_word': 'zhenxun.plugins.black_word', 'bt'...
             │         │             └ PluginManager(available_plugins={'ai': 'zhenxun.plugins.ai', 'bilibili_sub': 'zhenxun.plugins.bilibili_sub', 'black_word': 'z...
             │         └ <function import_module at 0x0000027A9C77F880>
             └ <module 'importlib' from 'C:\\Users\\Administrator\\AppData\\Local\\Programs\\Python\\Python312\\Lib\\importlib\\__init__.py'>
  File "C:\Users\Administrator\AppData\Local\Programs\Python\Python312\Lib\importlib\__init__.py", line 90, in import_module
    return _bootstrap._gcd_import(name[level:], package, level)
           │          │           │    │        │        └ 0
           │          │           │    │        └ None
           │          │           │    └ 0
           │          │           └ 'zhenxun.plugins.word_clouds'
           │          └ <function _gcd_import at 0x0000027A9C5FC0E0>
           └ <module '_frozen_importlib' (frozen)>
  File "<frozen importlib._bootstrap>", line 1387, in _gcd_import
  File "<frozen importlib._bootstrap>", line 1360, in _find_and_load
  File "<frozen importlib._bootstrap>", line 1331, in _find_and_load_unlocked
  File "<frozen importlib._bootstrap>", line 935, in _load_unlocked
  File "C:\Users\Administrator\AppData\Local\pypoetry\Cache\virtualenvs\zhenxun-bot-k9jvl_fX-py3.12\Lib\site-packages\nonebot\plugin\manager.py", line 255, in exec_module
    super().exec_module(module)
                        └ <module 'zhenxun.plugins.word_clouds' from 'C:\\Program Files\\zhenxun\\zhenxun_bot-dev\\zhenxun\\plugins\\word_clouds\\__ini...
  File "<frozen importlib._bootstrap_external>", line 995, in exec_module
  File "<frozen importlib._bootstrap>", line 488, in _call_with_frames_removed

  File "C:\Program Files\zhenxun\zhenxun_bot-dev\zhenxun\plugins\word_clouds\__init__.py", line 20, in <module>
    from .data_source import draw_word_cloud, get_list_msg

  File "C:\Program Files\zhenxun\zhenxun_bot-dev\zhenxun\plugins\word_clouds\data_source.py", line 6, in <module>
    import jieba

ModuleNotFoundError: No module named 'jieba'
09-17 12:20:23 [ERROR] uvicorn | Traceback (most recent call last):
  File "C:\Users\Administrator\AppData\Local\pypoetry\Cache\virtualenvs\zhenxun-bot-k9jvl_fX-py3.12\Lib\site-packages\starlette\routing.py", line 693, in lifespan
    async with self.lifespan_context(app) as maybe_state:
               ^^^^^^^^^^^^^^^^^^^^^^^^^^
  File "C:\Users\Administrator\AppData\Local\Programs\Python\Python312\Lib\contextlib.py", line 217, in __aexit__
    await anext(self.gen)
  File "C:\Users\Administrator\AppData\Local\pypoetry\Cache\virtualenvs\zhenxun-bot-k9jvl_fX-py3.12\Lib\site-packages\nonebot\drivers\fastapi.py", line 157, in _lifespan_manager
    await self._lifespan.shutdown()
  File "C:\Users\Administrator\AppData\Local\pypoetry\Cache\virtualenvs\zhenxun-bot-k9jvl_fX-py3.12\Lib\site-packages\nonebot\internal\driver\_lifespan.py", line 49, in shutdown
    await self._run_lifespan_func(self._shutdown_funcs)
  File "C:\Users\Administrator\AppData\Local\pypoetry\Cache\virtualenvs\zhenxun-bot-k9jvl_fX-py3.12\Lib\site-packages\nonebot\internal\driver\_lifespan.py", line 36, in _run_lifespan_func
    await cast(ASYNC_LIFESPAN_FUNC, func)()
  File "C:\Users\Administrator\AppData\Local\pypoetry\Cache\virtualenvs\zhenxun-bot-k9jvl_fX-py3.12\Lib\site-packages\nonebot_plugin_htmlrender\__init__.py", line 45, in shutdown
    await shutdown_browser()
  File "C:\Users\Administrator\AppData\Local\pypoetry\Cache\virtualenvs\zhenxun-bot-k9jvl_fX-py3.12\Lib\site-packages\nonebot_plugin_htmlrender\browser.py", line 79, in shutdown_browser
    await _browser.close()
  File "C:\Users\Administrator\AppData\Local\pypoetry\Cache\virtualenvs\zhenxun-bot-k9jvl_fX-py3.12\Lib\site-packages\playwright\async_api\_generated.py", line 13895, in close
    return mapping.from_maybe_impl(await self._impl_obj.close(reason=reason))
                                   ^^^^^^^^^^^^^^^^^^^^^^^^^^^^^^^^^^^^^^^^^
  File "C:\Users\Administrator\AppData\Local\pypoetry\Cache\virtualenvs\zhenxun-bot-k9jvl_fX-py3.12\Lib\site-packages\playwright\_impl\_browser.py", line 192, in close
    raise e
  File "C:\Users\Administrator\AppData\Local\pypoetry\Cache\virtualenvs\zhenxun-bot-k9jvl_fX-py3.12\Lib\site-packages\playwright\_impl\_browser.py", line 189, in close
    await self._channel.send("close", {"reason": reason})
  File "C:\Users\Administrator\AppData\Local\pypoetry\Cache\virtualenvs\zhenxun-bot-k9jvl_fX-py3.12\Lib\site-packages\playwright\_impl\_connection.py", line 59, in send
    return await self._connection.wrap_api_call(
           ^^^^^^^^^^^^^^^^^^^^^^^^^^^^^^^^^^^^^
  File "C:\Users\Administrator\AppData\Local\pypoetry\Cache\virtualenvs\zhenxun-bot-k9jvl_fX-py3.12\Lib\site-packages\playwright\_impl\_connection.py", line 514, in wrap_api_call
    raise rewrite_error(error, f"{parsed_st['apiName']}: {error}") from None
Exception: Browser.close: Connection closed while reading from the driver

09-17 12:20:23 [ERROR] uvicorn | Application shutdown failed. Exiting.
09-17 12:20:32 [ERROR] nonebot | Failed to import "word_clouds"
Traceback (most recent call last):

  File "C:\Program Files\zhenxun\zhenxun_bot-dev\bot.py", line 24, in <module>
    nonebot.load_plugins("zhenxun/plugins")
    │       └ <function load_plugins at 0x000001A0C8257F60>
    └ <module 'nonebot' from 'C:\\Users\\Administrator\\AppData\\Local\\pypoetry\\Cache\\virtualenvs\\zhenxun-bot-k9jvl_fX-py3.12\\...

  File "C:\Users\Administrator\AppData\Local\pypoetry\Cache\virtualenvs\zhenxun-bot-k9jvl_fX-py3.12\Lib\site-packages\nonebot\plugin\load.py", line 51, in load_plugins
    return manager.load_all_plugins()
           │       └ <function PluginManager.load_all_plugins at 0x000001A0C8256340>
           └ PluginManager(available_plugins={'ai': 'zhenxun.plugins.ai', 'bilibili_sub': 'zhenxun.plugins.bilibili_sub', 'black_word': 'z...
  File "C:\Users\Administrator\AppData\Local\pypoetry\Cache\virtualenvs\zhenxun-bot-k9jvl_fX-py3.12\Lib\site-packages\nonebot\plugin\manager.py", line 203, in load_all_plugins
    return set(
  File "C:\Users\Administrator\AppData\Local\pypoetry\Cache\virtualenvs\zhenxun-bot-k9jvl_fX-py3.12\Lib\site-packages\nonebot\plugin\manager.py", line 204, in <genexpr>
    filter(None, (self.load_plugin(name) for name in self.available_plugins))
                  │    │           │         │       │    └ <property object at 0x000001A0C8252160>
                  │    │           │         │       └ PluginManager(available_plugins={'ai': 'zhenxun.plugins.ai', 'bilibili_sub': 'zhenxun.plugins.bilibili_sub', 'black_word': 'z...
                  │    │           │         └ 'word_clouds'
                  │    │           └ 'word_clouds'
                  │    └ <function PluginManager.load_plugin at 0x000001A0C82562A0>
                  └ PluginManager(available_plugins={'ai': 'zhenxun.plugins.ai', 'bilibili_sub': 'zhenxun.plugins.bilibili_sub', 'black_word': 'z...
> File "C:\Users\Administrator\AppData\Local\pypoetry\Cache\virtualenvs\zhenxun-bot-k9jvl_fX-py3.12\Lib\site-packages\nonebot\plugin\manager.py", line 169, in load_plugin
    module = importlib.import_module(self._searched_plugin_ids[name])
             │         │             │    │                    └ 'word_clouds'
             │         │             │    └ {'ai': 'zhenxun.plugins.ai', 'bilibili_sub': 'zhenxun.plugins.bilibili_sub', 'black_word': 'zhenxun.plugins.black_word', 'bt'...
             │         │             └ PluginManager(available_plugins={'ai': 'zhenxun.plugins.ai', 'bilibili_sub': 'zhenxun.plugins.bilibili_sub', 'black_word': 'z...
             │         └ <function import_module at 0x000001A0C571F880>
             └ <module 'importlib' from 'C:\\Users\\Administrator\\AppData\\Local\\Programs\\Python\\Python312\\Lib\\importlib\\__init__.py'>
  File "C:\Users\Administrator\AppData\Local\Programs\Python\Python312\Lib\importlib\__init__.py", line 90, in import_module
    return _bootstrap._gcd_import(name[level:], package, level)
           │          │           │    │        │        └ 0
           │          │           │    │        └ None
           │          │           │    └ 0
           │          │           └ 'zhenxun.plugins.word_clouds'
           │          └ <function _gcd_import at 0x000001A0C54EC0E0>
           └ <module '_frozen_importlib' (frozen)>
  File "<frozen importlib._bootstrap>", line 1387, in _gcd_import
  File "<frozen importlib._bootstrap>", line 1360, in _find_and_load
  File "<frozen importlib._bootstrap>", line 1331, in _find_and_load_unlocked
  File "<frozen importlib._bootstrap>", line 935, in _load_unlocked
  File "C:\Users\Administrator\AppData\Local\pypoetry\Cache\virtualenvs\zhenxun-bot-k9jvl_fX-py3.12\Lib\site-packages\nonebot\plugin\manager.py", line 255, in exec_module
    super().exec_module(module)
                        └ <module 'zhenxun.plugins.word_clouds' from 'C:\\Program Files\\zhenxun\\zhenxun_bot-dev\\zhenxun\\plugins\\word_clouds\\__ini...
  File "<frozen importlib._bootstrap_external>", line 995, in exec_module
  File "<frozen importlib._bootstrap>", line 488, in _call_with_frames_removed

  File "C:\Program Files\zhenxun\zhenxun_bot-dev\zhenxun\plugins\word_clouds\__init__.py", line 20, in <module>
    from .data_source import draw_word_cloud, get_list_msg

  File "C:\Program Files\zhenxun\zhenxun_bot-dev\zhenxun\plugins\word_clouds\data_source.py", line 6, in <module>
    import jieba

ModuleNotFoundError: No module named 'jieba'
09-17 12:21:11 [ERROR] uvicorn | Traceback (most recent call last):
  File "C:\Users\Administrator\AppData\Local\Programs\Python\Python312\Lib\asyncio\runners.py", line 194, in run
    return runner.run(main)
           ^^^^^^^^^^^^^^^^
  File "C:\Users\Administrator\AppData\Local\Programs\Python\Python312\Lib\asyncio\runners.py", line 118, in run
    return self._loop.run_until_complete(task)
           ^^^^^^^^^^^^^^^^^^^^^^^^^^^^^^^^^^^
  File "C:\Users\Administrator\AppData\Local\Programs\Python\Python312\Lib\asyncio\base_events.py", line 674, in run_until_complete
    self.run_forever()
  File "C:\Users\Administrator\AppData\Local\Programs\Python\Python312\Lib\asyncio\windows_events.py", line 322, in run_forever
    super().run_forever()
  File "C:\Users\Administrator\AppData\Local\Programs\Python\Python312\Lib\asyncio\base_events.py", line 641, in run_forever
    self._run_once()
  File "C:\Users\Administrator\AppData\Local\Programs\Python\Python312\Lib\asyncio\base_events.py", line 1986, in _run_once
    handle._run()
  File "C:\Users\Administrator\AppData\Local\Programs\Python\Python312\Lib\asyncio\events.py", line 88, in _run
    self._context.run(self._callback, *self._args)
  File "C:\Users\Administrator\AppData\Local\pypoetry\Cache\virtualenvs\zhenxun-bot-k9jvl_fX-py3.12\Lib\site-packages\uvicorn\server.py", line 68, in serve
    with self.capture_signals():
         ^^^^^^^^^^^^^^^^^^^^^^
  File "C:\Users\Administrator\AppData\Local\Programs\Python\Python312\Lib\contextlib.py", line 144, in __exit__
    next(self.gen)
  File "C:\Users\Administrator\AppData\Local\pypoetry\Cache\virtualenvs\zhenxun-bot-k9jvl_fX-py3.12\Lib\site-packages\uvicorn\server.py", line 328, in capture_signals
    signal.raise_signal(captured_signal)
  File "C:\Users\Administrator\AppData\Local\Programs\Python\Python312\Lib\asyncio\runners.py", line 157, in _on_sigint
    raise KeyboardInterrupt()
KeyboardInterrupt

During handling of the above exception, another exception occurred:

Traceback (most recent call last):
  File "C:\Users\Administrator\AppData\Local\pypoetry\Cache\virtualenvs\zhenxun-bot-k9jvl_fX-py3.12\Lib\site-packages\starlette\routing.py", line 700, in lifespan
    await receive()
  File "C:\Users\Administrator\AppData\Local\pypoetry\Cache\virtualenvs\zhenxun-bot-k9jvl_fX-py3.12\Lib\site-packages\uvicorn\lifespan\on.py", line 137, in receive
    return await self.receive_queue.get()
           ^^^^^^^^^^^^^^^^^^^^^^^^^^^^^^
  File "C:\Users\Administrator\AppData\Local\Programs\Python\Python312\Lib\asyncio\queues.py", line 158, in get
    await getter
asyncio.exceptions.CancelledError

09-17 12:23:48 [ERROR] nonebot | Failed to import "word_clouds"
Traceback (most recent call last):

  File "C:\Program Files\zhenxun\zhenxun_bot-dev\bot.py", line 24, in <module>
    nonebot.load_plugins("zhenxun/plugins")
    │       └ <function load_plugins at 0x000001F4BE3A7F60>
    └ <module 'nonebot' from 'C:\\Users\\Administrator\\AppData\\Local\\pypoetry\\Cache\\virtualenvs\\zhenxun-bot-k9jvl_fX-py3.12\\...

  File "C:\Users\Administrator\AppData\Local\pypoetry\Cache\virtualenvs\zhenxun-bot-k9jvl_fX-py3.12\Lib\site-packages\nonebot\plugin\load.py", line 51, in load_plugins
    return manager.load_all_plugins()
           │       └ <function PluginManager.load_all_plugins at 0x000001F4BE3A6340>
           └ PluginManager(available_plugins={'ai': 'zhenxun.plugins.ai', 'bilibili_sub': 'zhenxun.plugins.bilibili_sub', 'black_word': 'z...
  File "C:\Users\Administrator\AppData\Local\pypoetry\Cache\virtualenvs\zhenxun-bot-k9jvl_fX-py3.12\Lib\site-packages\nonebot\plugin\manager.py", line 203, in load_all_plugins
    return set(
  File "C:\Users\Administrator\AppData\Local\pypoetry\Cache\virtualenvs\zhenxun-bot-k9jvl_fX-py3.12\Lib\site-packages\nonebot\plugin\manager.py", line 204, in <genexpr>
    filter(None, (self.load_plugin(name) for name in self.available_plugins))
                  │    │           │         │       │    └ <property object at 0x000001F4BE3A2390>
                  │    │           │         │       └ PluginManager(available_plugins={'ai': 'zhenxun.plugins.ai', 'bilibili_sub': 'zhenxun.plugins.bilibili_sub', 'black_word': 'z...
                  │    │           │         └ 'word_clouds'
                  │    │           └ 'word_clouds'
                  │    └ <function PluginManager.load_plugin at 0x000001F4BE3A62A0>
                  └ PluginManager(available_plugins={'ai': 'zhenxun.plugins.ai', 'bilibili_sub': 'zhenxun.plugins.bilibili_sub', 'black_word': 'z...
> File "C:\Users\Administrator\AppData\Local\pypoetry\Cache\virtualenvs\zhenxun-bot-k9jvl_fX-py3.12\Lib\site-packages\nonebot\plugin\manager.py", line 169, in load_plugin
    module = importlib.import_module(self._searched_plugin_ids[name])
             │         │             │    │                    └ 'word_clouds'
             │         │             │    └ {'ai': 'zhenxun.plugins.ai', 'bilibili_sub': 'zhenxun.plugins.bilibili_sub', 'black_word': 'zhenxun.plugins.black_word', 'bt'...
             │         │             └ PluginManager(available_plugins={'ai': 'zhenxun.plugins.ai', 'bilibili_sub': 'zhenxun.plugins.bilibili_sub', 'black_word': 'z...
             │         └ <function import_module at 0x000001F4BB88F880>
             └ <module 'importlib' from 'C:\\Users\\Administrator\\AppData\\Local\\Programs\\Python\\Python312\\Lib\\importlib\\__init__.py'>
  File "C:\Users\Administrator\AppData\Local\Programs\Python\Python312\Lib\importlib\__init__.py", line 90, in import_module
    return _bootstrap._gcd_import(name[level:], package, level)
           │          │           │    │        │        └ 0
           │          │           │    │        └ None
           │          │           │    └ 0
           │          │           └ 'zhenxun.plugins.word_clouds'
           │          └ <function _gcd_import at 0x000001F4BB65C0E0>
           └ <module '_frozen_importlib' (frozen)>
  File "<frozen importlib._bootstrap>", line 1387, in _gcd_import
  File "<frozen importlib._bootstrap>", line 1360, in _find_and_load
  File "<frozen importlib._bootstrap>", line 1331, in _find_and_load_unlocked
  File "<frozen importlib._bootstrap>", line 935, in _load_unlocked
  File "C:\Users\Administrator\AppData\Local\pypoetry\Cache\virtualenvs\zhenxun-bot-k9jvl_fX-py3.12\Lib\site-packages\nonebot\plugin\manager.py", line 255, in exec_module
    super().exec_module(module)
                        └ <module 'zhenxun.plugins.word_clouds' from 'C:\\Program Files\\zhenxun\\zhenxun_bot-dev\\zhenxun\\plugins\\word_clouds\\__ini...
  File "<frozen importlib._bootstrap_external>", line 995, in exec_module
  File "<frozen importlib._bootstrap>", line 488, in _call_with_frames_removed

  File "C:\Program Files\zhenxun\zhenxun_bot-dev\zhenxun\plugins\word_clouds\__init__.py", line 20, in <module>
    from .data_source import draw_word_cloud, get_list_msg

  File "C:\Program Files\zhenxun\zhenxun_bot-dev\zhenxun\plugins\word_clouds\data_source.py", line 8, in <module>
    import matplotlib.pyplot as plt

ModuleNotFoundError: No module named 'matplotlib'
09-17 12:23:56 [ERROR] uvicorn | Traceback (most recent call last):
  File "C:\Users\Administrator\AppData\Local\Programs\Python\Python312\Lib\asyncio\runners.py", line 194, in run
    return runner.run(main)
           ^^^^^^^^^^^^^^^^
  File "C:\Users\Administrator\AppData\Local\Programs\Python\Python312\Lib\asyncio\runners.py", line 118, in run
    return self._loop.run_until_complete(task)
           ^^^^^^^^^^^^^^^^^^^^^^^^^^^^^^^^^^^
  File "C:\Users\Administrator\AppData\Local\Programs\Python\Python312\Lib\asyncio\base_events.py", line 674, in run_until_complete
    self.run_forever()
  File "C:\Users\Administrator\AppData\Local\Programs\Python\Python312\Lib\asyncio\windows_events.py", line 322, in run_forever
    super().run_forever()
  File "C:\Users\Administrator\AppData\Local\Programs\Python\Python312\Lib\asyncio\base_events.py", line 641, in run_forever
    self._run_once()
  File "C:\Users\Administrator\AppData\Local\Programs\Python\Python312\Lib\asyncio\base_events.py", line 1986, in _run_once
    handle._run()
  File "C:\Users\Administrator\AppData\Local\Programs\Python\Python312\Lib\asyncio\events.py", line 88, in _run
    self._context.run(self._callback, *self._args)
  File "C:\Users\Administrator\AppData\Local\pypoetry\Cache\virtualenvs\zhenxun-bot-k9jvl_fX-py3.12\Lib\site-packages\uvicorn\server.py", line 68, in serve
    with self.capture_signals():
         ^^^^^^^^^^^^^^^^^^^^^^
  File "C:\Users\Administrator\AppData\Local\Programs\Python\Python312\Lib\contextlib.py", line 144, in __exit__
    next(self.gen)
  File "C:\Users\Administrator\AppData\Local\pypoetry\Cache\virtualenvs\zhenxun-bot-k9jvl_fX-py3.12\Lib\site-packages\uvicorn\server.py", line 328, in capture_signals
    signal.raise_signal(captured_signal)
  File "C:\Users\Administrator\AppData\Local\Programs\Python\Python312\Lib\asyncio\runners.py", line 157, in _on_sigint
    raise KeyboardInterrupt()
KeyboardInterrupt

During handling of the above exception, another exception occurred:

Traceback (most recent call last):
  File "C:\Users\Administrator\AppData\Local\pypoetry\Cache\virtualenvs\zhenxun-bot-k9jvl_fX-py3.12\Lib\site-packages\starlette\routing.py", line 700, in lifespan
    await receive()
  File "C:\Users\Administrator\AppData\Local\pypoetry\Cache\virtualenvs\zhenxun-bot-k9jvl_fX-py3.12\Lib\site-packages\uvicorn\lifespan\on.py", line 137, in receive
    return await self.receive_queue.get()
           ^^^^^^^^^^^^^^^^^^^^^^^^^^^^^^
  File "C:\Users\Administrator\AppData\Local\Programs\Python\Python312\Lib\asyncio\queues.py", line 158, in get
    await getter
asyncio.exceptions.CancelledError

09-17 12:32:03 [ERROR] nonebot | Failed to import "word_clouds"
Traceback (most recent call last):

  File "C:\Program Files\zhenxun\zhenxun_bot-dev\bot.py", line 24, in <module>
    nonebot.load_plugins("zhenxun/plugins")
    │       └ <function load_plugins at 0x000002EA569B7F60>
    └ <module 'nonebot' from 'C:\\Users\\Administrator\\AppData\\Local\\pypoetry\\Cache\\virtualenvs\\zhenxun-bot-k9jvl_fX-py3.12\\...

  File "C:\Users\Administrator\AppData\Local\pypoetry\Cache\virtualenvs\zhenxun-bot-k9jvl_fX-py3.12\Lib\site-packages\nonebot\plugin\load.py", line 51, in load_plugins
    return manager.load_all_plugins()
           │       └ <function PluginManager.load_all_plugins at 0x000002EA569B6340>
           └ PluginManager(available_plugins={'ai': 'zhenxun.plugins.ai', 'bilibili_sub': 'zhenxun.plugins.bilibili_sub', 'black_word': 'z...
  File "C:\Users\Administrator\AppData\Local\pypoetry\Cache\virtualenvs\zhenxun-bot-k9jvl_fX-py3.12\Lib\site-packages\nonebot\plugin\manager.py", line 203, in load_all_plugins
    return set(
  File "C:\Users\Administrator\AppData\Local\pypoetry\Cache\virtualenvs\zhenxun-bot-k9jvl_fX-py3.12\Lib\site-packages\nonebot\plugin\manager.py", line 204, in <genexpr>
    filter(None, (self.load_plugin(name) for name in self.available_plugins))
                  │    │           │         │       │    └ <property object at 0x000002EA569B2610>
                  │    │           │         │       └ PluginManager(available_plugins={'ai': 'zhenxun.plugins.ai', 'bilibili_sub': 'zhenxun.plugins.bilibili_sub', 'black_word': 'z...
                  │    │           │         └ 'word_clouds'
                  │    │           └ 'word_clouds'
                  │    └ <function PluginManager.load_plugin at 0x000002EA569B62A0>
                  └ PluginManager(available_plugins={'ai': 'zhenxun.plugins.ai', 'bilibili_sub': 'zhenxun.plugins.bilibili_sub', 'black_word': 'z...
> File "C:\Users\Administrator\AppData\Local\pypoetry\Cache\virtualenvs\zhenxun-bot-k9jvl_fX-py3.12\Lib\site-packages\nonebot\plugin\manager.py", line 169, in load_plugin
    module = importlib.import_module(self._searched_plugin_ids[name])
             │         │             │    │                    └ 'word_clouds'
             │         │             │    └ {'ai': 'zhenxun.plugins.ai', 'bilibili_sub': 'zhenxun.plugins.bilibili_sub', 'black_word': 'zhenxun.plugins.black_word', 'bt'...
             │         │             └ PluginManager(available_plugins={'ai': 'zhenxun.plugins.ai', 'bilibili_sub': 'zhenxun.plugins.bilibili_sub', 'black_word': 'z...
             │         └ <function import_module at 0x000002EA53E6F880>
             └ <module 'importlib' from 'C:\\Users\\Administrator\\AppData\\Local\\Programs\\Python\\Python312\\Lib\\importlib\\__init__.py'>
  File "C:\Users\Administrator\AppData\Local\Programs\Python\Python312\Lib\importlib\__init__.py", line 90, in import_module
    return _bootstrap._gcd_import(name[level:], package, level)
           │          │           │    │        │        └ 0
           │          │           │    │        └ None
           │          │           │    └ 0
           │          │           └ 'zhenxun.plugins.word_clouds'
           │          └ <function _gcd_import at 0x000002EA53C3C0E0>
           └ <module '_frozen_importlib' (frozen)>
  File "<frozen importlib._bootstrap>", line 1387, in _gcd_import
  File "<frozen importlib._bootstrap>", line 1360, in _find_and_load
  File "<frozen importlib._bootstrap>", line 1331, in _find_and_load_unlocked
  File "<frozen importlib._bootstrap>", line 935, in _load_unlocked
  File "C:\Users\Administrator\AppData\Local\pypoetry\Cache\virtualenvs\zhenxun-bot-k9jvl_fX-py3.12\Lib\site-packages\nonebot\plugin\manager.py", line 255, in exec_module
    super().exec_module(module)
                        └ <module 'zhenxun.plugins.word_clouds' from 'C:\\Program Files\\zhenxun\\zhenxun_bot-dev\\zhenxun\\plugins\\word_clouds\\__ini...
  File "<frozen importlib._bootstrap_external>", line 995, in exec_module
  File "<frozen importlib._bootstrap>", line 488, in _call_with_frames_removed

  File "C:\Program Files\zhenxun\zhenxun_bot-dev\zhenxun\plugins\word_clouds\__init__.py", line 20, in <module>
    from .data_source import draw_word_cloud, get_list_msg

  File "C:\Program Files\zhenxun\zhenxun_bot-dev\zhenxun\plugins\word_clouds\data_source.py", line 13, in <module>
    from wordcloud import ImageColorGenerator, WordCloud

ModuleNotFoundError: No module named 'wordcloud'
09-17 12:32:12 [ERROR] uvicorn | Traceback (most recent call last):
  File "C:\Users\Administrator\AppData\Local\Programs\Python\Python312\Lib\asyncio\runners.py", line 194, in run
    return runner.run(main)
           ^^^^^^^^^^^^^^^^
  File "C:\Users\Administrator\AppData\Local\Programs\Python\Python312\Lib\asyncio\runners.py", line 118, in run
    return self._loop.run_until_complete(task)
           ^^^^^^^^^^^^^^^^^^^^^^^^^^^^^^^^^^^
  File "C:\Users\Administrator\AppData\Local\Programs\Python\Python312\Lib\asyncio\base_events.py", line 674, in run_until_complete
    self.run_forever()
  File "C:\Users\Administrator\AppData\Local\Programs\Python\Python312\Lib\asyncio\windows_events.py", line 322, in run_forever
    super().run_forever()
  File "C:\Users\Administrator\AppData\Local\Programs\Python\Python312\Lib\asyncio\base_events.py", line 641, in run_forever
    self._run_once()
  File "C:\Users\Administrator\AppData\Local\Programs\Python\Python312\Lib\asyncio\base_events.py", line 1986, in _run_once
    handle._run()
  File "C:\Users\Administrator\AppData\Local\Programs\Python\Python312\Lib\asyncio\events.py", line 88, in _run
    self._context.run(self._callback, *self._args)
  File "C:\Users\Administrator\AppData\Local\pypoetry\Cache\virtualenvs\zhenxun-bot-k9jvl_fX-py3.12\Lib\site-packages\uvicorn\server.py", line 68, in serve
    with self.capture_signals():
         ^^^^^^^^^^^^^^^^^^^^^^
  File "C:\Users\Administrator\AppData\Local\Programs\Python\Python312\Lib\contextlib.py", line 144, in __exit__
    next(self.gen)
  File "C:\Users\Administrator\AppData\Local\pypoetry\Cache\virtualenvs\zhenxun-bot-k9jvl_fX-py3.12\Lib\site-packages\uvicorn\server.py", line 328, in capture_signals
    signal.raise_signal(captured_signal)
  File "C:\Users\Administrator\AppData\Local\Programs\Python\Python312\Lib\asyncio\runners.py", line 157, in _on_sigint
    raise KeyboardInterrupt()
KeyboardInterrupt

During handling of the above exception, another exception occurred:

Traceback (most recent call last):
  File "C:\Users\Administrator\AppData\Local\pypoetry\Cache\virtualenvs\zhenxun-bot-k9jvl_fX-py3.12\Lib\site-packages\starlette\routing.py", line 700, in lifespan
    await receive()
  File "C:\Users\Administrator\AppData\Local\pypoetry\Cache\virtualenvs\zhenxun-bot-k9jvl_fX-py3.12\Lib\site-packages\uvicorn\lifespan\on.py", line 137, in receive
    return await self.receive_queue.get()
           ^^^^^^^^^^^^^^^^^^^^^^^^^^^^^^
  File "C:\Users\Administrator\AppData\Local\Programs\Python\Python312\Lib\asyncio\queues.py", line 158, in get
    await getter
asyncio.exceptions.CancelledError

09-17 14:41:20 [ERROR] nonebot | Error when running RunPreProcessors. Running cancelled!
Traceback (most recent call last):

  File "C:\Program Files\zhenxun\zhenxun_bot-dev\bot.py", line 28, in <module>
    nonebot.run()
    │       └ <function run at 0x000001EEE2E40AE0>
    └ <module 'nonebot' from 'C:\\Users\\Administrator\\AppData\\Local\\pypoetry\\Cache\\virtualenvs\\zhenxun-bot-k9jvl_fX-py3.12\\...

  File "C:\Users\Administrator\AppData\Local\pypoetry\Cache\virtualenvs\zhenxun-bot-k9jvl_fX-py3.12\Lib\site-packages\nonebot\__init__.py", line 335, in run
    get_driver().run(*args, **kwargs)
    │                 │       └ {}
    │                 └ ()
    └ <function get_driver at 0x000001EEE047D4E0>
  File "C:\Users\Administrator\AppData\Local\pypoetry\Cache\virtualenvs\zhenxun-bot-k9jvl_fX-py3.12\Lib\site-packages\nonebot\drivers\fastapi.py", line 186, in run
    uvicorn.run(
    │       └ <function run at 0x000001EEE3E66480>
    └ <module 'uvicorn' from 'C:\\Users\\Administrator\\AppData\\Local\\pypoetry\\Cache\\virtualenvs\\zhenxun-bot-k9jvl_fX-py3.12\\...
  File "C:\Users\Administrator\AppData\Local\pypoetry\Cache\virtualenvs\zhenxun-bot-k9jvl_fX-py3.12\Lib\site-packages\uvicorn\main.py", line 577, in run
    server.run()
    │      └ <function Server.run at 0x000001EEE3E2CA40>
    └ <uvicorn.server.Server object at 0x000001EEF1A8C7A0>
  File "C:\Users\Administrator\AppData\Local\pypoetry\Cache\virtualenvs\zhenxun-bot-k9jvl_fX-py3.12\Lib\site-packages\uvicorn\server.py", line 65, in run
    return asyncio.run(self.serve(sockets=sockets))
           │       │   │    │             └ None
           │       │   │    └ <function Server.serve at 0x000001EEE3E2CAE0>
           │       │   └ <uvicorn.server.Server object at 0x000001EEF1A8C7A0>
           │       └ <function run at 0x000001EEE0B20EA0>
           └ <module 'asyncio' from 'C:\\Users\\Administrator\\AppData\\Local\\Programs\\Python\\Python312\\Lib\\asyncio\\__init__.py'>
  File "C:\Users\Administrator\AppData\Local\Programs\Python\Python312\Lib\asyncio\runners.py", line 194, in run
    return runner.run(main)
           │      │   └ <coroutine object Server.serve at 0x000001EEF34BB300>
           │      └ <function Runner.run at 0x000001EEE2851260>
           └ <asyncio.runners.Runner object at 0x000001EEF57656A0>
  File "C:\Users\Administrator\AppData\Local\Programs\Python\Python312\Lib\asyncio\runners.py", line 118, in run
    return self._loop.run_until_complete(task)
           │    │     │                  └ <Task pending name='Task-1' coro=<Server.serve() running at C:\Users\Administrator\AppData\Local\pypoetry\Cache\virtualenvs\z...
           │    │     └ <function BaseEventLoop.run_until_complete at 0x000001EEE284EDE0>
           │    └ <ProactorEventLoop running=True closed=False debug=False>
           └ <asyncio.runners.Runner object at 0x000001EEF57656A0>
  File "C:\Users\Administrator\AppData\Local\Programs\Python\Python312\Lib\asyncio\base_events.py", line 674, in run_until_complete
    self.run_forever()
    │    └ <function ProactorEventLoop.run_forever at 0x000001EEE28C0360>
    └ <ProactorEventLoop running=True closed=False debug=False>
  File "C:\Users\Administrator\AppData\Local\Programs\Python\Python312\Lib\asyncio\windows_events.py", line 322, in run_forever
    super().run_forever()
  File "C:\Users\Administrator\AppData\Local\Programs\Python\Python312\Lib\asyncio\base_events.py", line 641, in run_forever
    self._run_once()
    │    └ <function BaseEventLoop._run_once at 0x000001EEE2850B80>
    └ <ProactorEventLoop running=True closed=False debug=False>
  File "C:\Users\Administrator\AppData\Local\Programs\Python\Python312\Lib\asyncio\base_events.py", line 1986, in _run_once
    handle._run()
    │      └ <function Handle._run at 0x000001EEE1028720>
    └ <Handle Task.task_wakeup(<_GatheringFu... is closing')>)>
  File "C:\Users\Administrator\AppData\Local\Programs\Python\Python312\Lib\asyncio\events.py", line 88, in _run
    self._context.run(self._callback, *self._args)
    │    │            │    │           │    └ <member '_args' of 'Handle' objects>
    │    │            │    │           └ <Handle Task.task_wakeup(<_GatheringFu... is closing')>)>
    │    │            │    └ <member '_callback' of 'Handle' objects>
    │    │            └ <Handle Task.task_wakeup(<_GatheringFu... is closing')>)>
    │    └ <member '_context' of 'Handle' objects>
    └ <Handle Task.task_wakeup(<_GatheringFu... is closing')>)>
  File "C:\Users\Administrator\AppData\Local\pypoetry\Cache\virtualenvs\zhenxun-bot-k9jvl_fX-py3.12\Lib\site-packages\nonebot\message.py", line 476, in check_and_run_matcher
    await _run_matcher(
          └ <function _run_matcher at 0x000001EEE2F8F380>
  File "C:\Users\Administrator\AppData\Local\pypoetry\Cache\virtualenvs\zhenxun-bot-k9jvl_fX-py3.12\Lib\site-packages\nonebot\message.py", line 414, in _run_matcher
    if not await _apply_run_preprocessors(
                 └ <function _apply_run_preprocessors at 0x000001EEE2F8EFC0>
> File "C:\Users\Administrator\AppData\Local\pypoetry\Cache\virtualenvs\zhenxun-bot-k9jvl_fX-py3.12\Lib\site-packages\nonebot\message.py", line 257, in _apply_run_preprocessors
    await asyncio.gather(
          │       └ <function gather at 0x000001EEE283B740>
          └ <module 'asyncio' from 'C:\\Users\\Administrator\\AppData\\Local\\Programs\\Python\\Python312\\Lib\\asyncio\\__init__.py'>
  File "C:\Users\Administrator\AppData\Local\pypoetry\Cache\virtualenvs\zhenxun-bot-k9jvl_fX-py3.12\Lib\site-packages\nonebot\utils.py", line 236, in run_coro_with_catch
    return await coro
                 └ <coroutine object Dependent.__call__ at 0x000001EEF5C38640>
  File "C:\Users\Administrator\AppData\Local\pypoetry\Cache\virtualenvs\zhenxun-bot-k9jvl_fX-py3.12\Lib\site-packages\nonebot\dependencies\__init__.py", line 94, in __call__
    return await cast(Callable[..., Awaitable[R]], self.call)(**values)
                 │    │             │         │    │    │       └ {'matcher': Matcher(type='message', module=zhenxun.builtin_plugins.chat_history.chat_message, lineno=39), 'event': PrivateMes...
                 │    │             │         │    │    └ <function _ at 0x000001EEEC959260>
                 │    │             │         │    └ Dependent(call=_)
                 │    │             │         └ ~R
                 │    │             └ <class 'collections.abc.Awaitable'>
                 │    └ typing.Callable
                 └ <function cast at 0x000001EEE0A60540>

  File "C:\Program Files\zhenxun\zhenxun_bot-dev\zhenxun\builtin_plugins\hooks\auth_hook.py", line 17, in _
    await checker.auth(
          │       └ <function AuthChecker.auth at 0x000001EEEC959EE0>
          └ <zhenxun.builtin_plugins.hooks._auth_checker.AuthChecker object at 0x000001EEEC96D880>

  File "C:\Program Files\zhenxun\zhenxun_bot-dev\zhenxun\builtin_plugins\hooks\_auth_checker.py", line 229, in auth
    user = await UserConsole.get_user(user_id, session.platform)
                 │           │        │        │       └ 'qq'
                 │           │        │        └ Session(bot_id='3973508735', bot_type='OneBot V11', platform='qq', level=<SessionLevel.LEVEL1: 1>, id1='843298567', id2=None,...
                 │           │        └ '843298567'
                 │           └ <classmethod(<function UserConsole.get_user at 0x000001EEE672B880>)>
                 └ <class 'zhenxun.models.user_console.UserConsole'>

  File "C:\Program Files\zhenxun\zhenxun_bot-dev\zhenxun\models\user_console.py", line 47, in get_user
    if not await cls.exists(user_id=user_id):
                 │   │              └ '843298567'
                 │   └ <classmethod(<function Model.exists at 0x000001EEE48A3BA0>)>
                 └ <class 'zhenxun.models.user_console.UserConsole'>

  File "C:\Users\Administrator\AppData\Local\pypoetry\Cache\virtualenvs\zhenxun-bot-k9jvl_fX-py3.12\Lib\site-packages\tortoise\queryset.py", line 1218, in _execute
    result, _ = await self._db.execute_query(str(self.query))
                      │    │                     │    └ <member 'query' of 'AwaitableQuery' objects>
                      │    │                     └ <tortoise.queryset.ExistsQuery object at 0x000001EEF5C250C0>
                      │    └ <member '_db' of 'AwaitableQuery' objects>
                      └ <tortoise.queryset.ExistsQuery object at 0x000001EEF5C250C0>
  File "C:\Users\Administrator\AppData\Local\pypoetry\Cache\virtualenvs\zhenxun-bot-k9jvl_fX-py3.12\Lib\site-packages\tortoise\backends\base_postgres\client.py", line 34, in _translate_exceptions
    return await self._translate_exceptions(func, *args, **kwargs)
                 │    │                     │      │       └ {}
                 │    │                     │      └ ('SELECT 1 FROM "user_console" WHERE "user_id"=\'843298567\' LIMIT 1',)
                 │    │                     └ <function AsyncpgDBClient.execute_query at 0x000001EEF57B31A0>
                 │    └ <function AsyncpgDBClient._translate_exceptions at 0x000001EEF57B2CA0>
                 └ <tortoise.backends.asyncpg.client.AsyncpgDBClient object at 0x000001EEF32FE8A0>
  File "C:\Users\Administrator\AppData\Local\pypoetry\Cache\virtualenvs\zhenxun-bot-k9jvl_fX-py3.12\Lib\site-packages\tortoise\backends\asyncpg\client.py", line 82, in _translate_exceptions
    return await func(self, *args, **kwargs)
                 │    │      │       └ {}
                 │    │      └ ('SELECT 1 FROM "user_console" WHERE "user_id"=\'843298567\' LIMIT 1',)
                 │    └ <tortoise.backends.asyncpg.client.AsyncpgDBClient object at 0x000001EEF32FE8A0>
                 └ <function AsyncpgDBClient.execute_query at 0x000001EEF57B31A0>
  File "C:\Users\Administrator\AppData\Local\pypoetry\Cache\virtualenvs\zhenxun-bot-k9jvl_fX-py3.12\Lib\site-packages\tortoise\backends\asyncpg\client.py", line 129, in execute_query
    async with self.acquire_connection() as connection:
               │    └ <function AsyncpgDBClient.acquire_connection at 0x000001EEF57B2DE0>
               └ <tortoise.backends.asyncpg.client.AsyncpgDBClient object at 0x000001EEF32FE8A0>
  File "C:\Users\Administrator\AppData\Local\pypoetry\Cache\virtualenvs\zhenxun-bot-k9jvl_fX-py3.12\Lib\site-packages\tortoise\backends\base\client.py", line 328, in __aenter__
    self.connection = await self.pool.acquire()
    │    │                  │    │    └ <function Pool.acquire at 0x000001EEF1529080>
    │    │                  │    └ <asyncpg.pool.Pool object at 0x000001EEE794F270>
    │    │                  └ <tortoise.backends.base.client.PoolConnectionWrapper object at 0x000001EEF5B72AE0>
    │    └ None
    └ <tortoise.backends.base.client.PoolConnectionWrapper object at 0x000001EEF5B72AE0>
  File "C:\Users\Administrator\AppData\Local\pypoetry\Cache\virtualenvs\zhenxun-bot-k9jvl_fX-py3.12\Lib\site-packages\asyncpg\pool.py", line 817, in _acquire
    raise exceptions.InterfaceError('pool is closing')
          │          └ <class 'asyncpg.exceptions._base.InterfaceError'>
          └ <module 'asyncpg.exceptions' from 'C:\\Users\\Administrator\\AppData\\Local\\pypoetry\\Cache\\virtualenvs\\zhenxun-bot-k9jvl_...

asyncpg.exceptions._base.InterfaceError: pool is closing
09-17 14:41:21 [ERROR] nonebot | Error when running RunPreProcessors. Running cancelled!
Traceback (most recent call last):

  File "C:\Program Files\zhenxun\zhenxun_bot-dev\bot.py", line 28, in <module>
    nonebot.run()
    │       └ <function run at 0x000001EEE2E40AE0>
    └ <module 'nonebot' from 'C:\\Users\\Administrator\\AppData\\Local\\pypoetry\\Cache\\virtualenvs\\zhenxun-bot-k9jvl_fX-py3.12\\...

  File "C:\Users\Administrator\AppData\Local\pypoetry\Cache\virtualenvs\zhenxun-bot-k9jvl_fX-py3.12\Lib\site-packages\nonebot\__init__.py", line 335, in run
    get_driver().run(*args, **kwargs)
    │                 │       └ {}
    │                 └ ()
    └ <function get_driver at 0x000001EEE047D4E0>
  File "C:\Users\Administrator\AppData\Local\pypoetry\Cache\virtualenvs\zhenxun-bot-k9jvl_fX-py3.12\Lib\site-packages\nonebot\drivers\fastapi.py", line 186, in run
    uvicorn.run(
    │       └ <function run at 0x000001EEE3E66480>
    └ <module 'uvicorn' from 'C:\\Users\\Administrator\\AppData\\Local\\pypoetry\\Cache\\virtualenvs\\zhenxun-bot-k9jvl_fX-py3.12\\...
  File "C:\Users\Administrator\AppData\Local\pypoetry\Cache\virtualenvs\zhenxun-bot-k9jvl_fX-py3.12\Lib\site-packages\uvicorn\main.py", line 577, in run
    server.run()
    │      └ <function Server.run at 0x000001EEE3E2CA40>
    └ <uvicorn.server.Server object at 0x000001EEF1A8C7A0>
  File "C:\Users\Administrator\AppData\Local\pypoetry\Cache\virtualenvs\zhenxun-bot-k9jvl_fX-py3.12\Lib\site-packages\uvicorn\server.py", line 65, in run
    return asyncio.run(self.serve(sockets=sockets))
           │       │   │    │             └ None
           │       │   │    └ <function Server.serve at 0x000001EEE3E2CAE0>
           │       │   └ <uvicorn.server.Server object at 0x000001EEF1A8C7A0>
           │       └ <function run at 0x000001EEE0B20EA0>
           └ <module 'asyncio' from 'C:\\Users\\Administrator\\AppData\\Local\\Programs\\Python\\Python312\\Lib\\asyncio\\__init__.py'>
  File "C:\Users\Administrator\AppData\Local\Programs\Python\Python312\Lib\asyncio\runners.py", line 194, in run
    return runner.run(main)
           │      │   └ <coroutine object Server.serve at 0x000001EEF34BB300>
           │      └ <function Runner.run at 0x000001EEE2851260>
           └ <asyncio.runners.Runner object at 0x000001EEF57656A0>
  File "C:\Users\Administrator\AppData\Local\Programs\Python\Python312\Lib\asyncio\runners.py", line 118, in run
    return self._loop.run_until_complete(task)
           │    │     │                  └ <Task pending name='Task-1' coro=<Server.serve() running at C:\Users\Administrator\AppData\Local\pypoetry\Cache\virtualenvs\z...
           │    │     └ <function BaseEventLoop.run_until_complete at 0x000001EEE284EDE0>
           │    └ <ProactorEventLoop running=True closed=False debug=False>
           └ <asyncio.runners.Runner object at 0x000001EEF57656A0>
  File "C:\Users\Administrator\AppData\Local\Programs\Python\Python312\Lib\asyncio\base_events.py", line 674, in run_until_complete
    self.run_forever()
    │    └ <function ProactorEventLoop.run_forever at 0x000001EEE28C0360>
    └ <ProactorEventLoop running=True closed=False debug=False>
  File "C:\Users\Administrator\AppData\Local\Programs\Python\Python312\Lib\asyncio\windows_events.py", line 322, in run_forever
    super().run_forever()
  File "C:\Users\Administrator\AppData\Local\Programs\Python\Python312\Lib\asyncio\base_events.py", line 641, in run_forever
    self._run_once()
    │    └ <function BaseEventLoop._run_once at 0x000001EEE2850B80>
    └ <ProactorEventLoop running=True closed=False debug=False>
  File "C:\Users\Administrator\AppData\Local\Programs\Python\Python312\Lib\asyncio\base_events.py", line 1986, in _run_once
    handle._run()
    │      └ <function Handle._run at 0x000001EEE1028720>
    └ <Handle Task.task_wakeup(<_GatheringFu... is closing')>)>
  File "C:\Users\Administrator\AppData\Local\Programs\Python\Python312\Lib\asyncio\events.py", line 88, in _run
    self._context.run(self._callback, *self._args)
    │    │            │    │           │    └ <member '_args' of 'Handle' objects>
    │    │            │    │           └ <Handle Task.task_wakeup(<_GatheringFu... is closing')>)>
    │    │            │    └ <member '_callback' of 'Handle' objects>
    │    │            └ <Handle Task.task_wakeup(<_GatheringFu... is closing')>)>
    │    └ <member '_context' of 'Handle' objects>
    └ <Handle Task.task_wakeup(<_GatheringFu... is closing')>)>
  File "C:\Users\Administrator\AppData\Local\pypoetry\Cache\virtualenvs\zhenxun-bot-k9jvl_fX-py3.12\Lib\site-packages\nonebot\message.py", line 476, in check_and_run_matcher
    await _run_matcher(
          └ <function _run_matcher at 0x000001EEE2F8F380>
  File "C:\Users\Administrator\AppData\Local\pypoetry\Cache\virtualenvs\zhenxun-bot-k9jvl_fX-py3.12\Lib\site-packages\nonebot\message.py", line 414, in _run_matcher
    if not await _apply_run_preprocessors(
                 └ <function _apply_run_preprocessors at 0x000001EEE2F8EFC0>
> File "C:\Users\Administrator\AppData\Local\pypoetry\Cache\virtualenvs\zhenxun-bot-k9jvl_fX-py3.12\Lib\site-packages\nonebot\message.py", line 257, in _apply_run_preprocessors
    await asyncio.gather(
          │       └ <function gather at 0x000001EEE283B740>
          └ <module 'asyncio' from 'C:\\Users\\Administrator\\AppData\\Local\\Programs\\Python\\Python312\\Lib\\asyncio\\__init__.py'>
  File "C:\Users\Administrator\AppData\Local\pypoetry\Cache\virtualenvs\zhenxun-bot-k9jvl_fX-py3.12\Lib\site-packages\nonebot\utils.py", line 236, in run_coro_with_catch
    return await coro
                 └ <coroutine object Dependent.__call__ at 0x000001EEF5B6A240>
  File "C:\Users\Administrator\AppData\Local\pypoetry\Cache\virtualenvs\zhenxun-bot-k9jvl_fX-py3.12\Lib\site-packages\nonebot\dependencies\__init__.py", line 94, in __call__
    return await cast(Callable[..., Awaitable[R]], self.call)(**values)
                 │    │             │         │    │    │       └ {'matcher': Matcher(type='message', module=zhenxun.plugins.mute.mute_message, lineno=32), 'event': PrivateMessageEvent(time=1...
                 │    │             │         │    │    └ <function _ at 0x000001EEEC959260>
                 │    │             │         │    └ Dependent(call=_)
                 │    │             │         └ ~R
                 │    │             └ <class 'collections.abc.Awaitable'>
                 │    └ typing.Callable
                 └ <function cast at 0x000001EEE0A60540>

  File "C:\Program Files\zhenxun\zhenxun_bot-dev\zhenxun\builtin_plugins\hooks\auth_hook.py", line 17, in _
    await checker.auth(
          │       └ <function AuthChecker.auth at 0x000001EEEC959EE0>
          └ <zhenxun.builtin_plugins.hooks._auth_checker.AuthChecker object at 0x000001EEEC96D880>

  File "C:\Program Files\zhenxun\zhenxun_bot-dev\zhenxun\builtin_plugins\hooks\_auth_checker.py", line 229, in auth
    user = await UserConsole.get_user(user_id, session.platform)
                 │           │        │        │       └ 'qq'
                 │           │        │        └ Session(bot_id='3973508735', bot_type='OneBot V11', platform='qq', level=<SessionLevel.LEVEL1: 1>, id1='843298567', id2=None,...
                 │           │        └ '843298567'
                 │           └ <classmethod(<function UserConsole.get_user at 0x000001EEE672B880>)>
                 └ <class 'zhenxun.models.user_console.UserConsole'>

  File "C:\Program Files\zhenxun\zhenxun_bot-dev\zhenxun\models\user_console.py", line 55, in get_user
    return await cls.get(user_id=user_id)
                 │   │           └ '843298567'
                 │   └ <classmethod(<function Model.get at 0x000001EEE48A3A60>)>
                 └ <class 'zhenxun.models.user_console.UserConsole'>

  File "C:\Users\Administrator\AppData\Local\pypoetry\Cache\virtualenvs\zhenxun-bot-k9jvl_fX-py3.12\Lib\site-packages\tortoise\queryset.py", line 1008, in _execute
    instance_list = await self._db.executor_class(
                          │    └ <member '_db' of 'QuerySet' objects>
                          └ <tortoise.queryset.QuerySet object at 0x000001EEF5BE79A0>
  File "C:\Users\Administrator\AppData\Local\pypoetry\Cache\virtualenvs\zhenxun-bot-k9jvl_fX-py3.12\Lib\site-packages\tortoise\backends\base\executor.py", line 131, in execute_select
    _, raw_results = await self.db.execute_query(query.get_sql())
                           │    │  │             │     └ <function PostgreSQLQueryBuilder.get_sql at 0x000001EEE47AB560>
                           │    │  │             └ SELECT "platform","create_time","user_id","id","uid","gold","props" FROM "user_console" WHERE "user_id"='843298567' LIMIT 2
                           │    │  └ <function AsyncpgDBClient.execute_query at 0x000001EEF57B3240>
                           │    └ <tortoise.backends.asyncpg.client.AsyncpgDBClient object at 0x000001EEF32FE8A0>
                           └ <tortoise.backends.asyncpg.executor.AsyncpgExecutor object at 0x000001EEF2DE2B70>
  File "C:\Users\Administrator\AppData\Local\pypoetry\Cache\virtualenvs\zhenxun-bot-k9jvl_fX-py3.12\Lib\site-packages\tortoise\backends\base_postgres\client.py", line 34, in _translate_exceptions
    return await self._translate_exceptions(func, *args, **kwargs)
                 │    │                     │      │       └ {}
                 │    │                     │      └ ('SELECT "platform","create_time","user_id","id","uid","gold","props" FROM "user_console" WHERE "user_id"=\'843298567\' LIMIT...
                 │    │                     └ <function AsyncpgDBClient.execute_query at 0x000001EEF57B31A0>
                 │    └ <function AsyncpgDBClient._translate_exceptions at 0x000001EEF57B2CA0>
                 └ <tortoise.backends.asyncpg.client.AsyncpgDBClient object at 0x000001EEF32FE8A0>
  File "C:\Users\Administrator\AppData\Local\pypoetry\Cache\virtualenvs\zhenxun-bot-k9jvl_fX-py3.12\Lib\site-packages\tortoise\backends\asyncpg\client.py", line 82, in _translate_exceptions
    return await func(self, *args, **kwargs)
                 │    │      │       └ {}
                 │    │      └ ('SELECT "platform","create_time","user_id","id","uid","gold","props" FROM "user_console" WHERE "user_id"=\'843298567\' LIMIT...
                 │    └ <tortoise.backends.asyncpg.client.AsyncpgDBClient object at 0x000001EEF32FE8A0>
                 └ <function AsyncpgDBClient.execute_query at 0x000001EEF57B31A0>
  File "C:\Users\Administrator\AppData\Local\pypoetry\Cache\virtualenvs\zhenxun-bot-k9jvl_fX-py3.12\Lib\site-packages\tortoise\backends\asyncpg\client.py", line 129, in execute_query
    async with self.acquire_connection() as connection:
               │    └ <function AsyncpgDBClient.acquire_connection at 0x000001EEF57B2DE0>
               └ <tortoise.backends.asyncpg.client.AsyncpgDBClient object at 0x000001EEF32FE8A0>
  File "C:\Users\Administrator\AppData\Local\pypoetry\Cache\virtualenvs\zhenxun-bot-k9jvl_fX-py3.12\Lib\site-packages\tortoise\backends\base\client.py", line 328, in __aenter__
    self.connection = await self.pool.acquire()
    │    │                  │    │    └ <function Pool.acquire at 0x000001EEF1529080>
    │    │                  │    └ <asyncpg.pool.Pool object at 0x000001EEE794F270>
    │    │                  └ <tortoise.backends.base.client.PoolConnectionWrapper object at 0x000001EEF32FC3E0>
    │    └ None
    └ <tortoise.backends.base.client.PoolConnectionWrapper object at 0x000001EEF32FC3E0>
  File "C:\Users\Administrator\AppData\Local\pypoetry\Cache\virtualenvs\zhenxun-bot-k9jvl_fX-py3.12\Lib\site-packages\asyncpg\pool.py", line 817, in _acquire
    raise exceptions.InterfaceError('pool is closing')
          │          └ <class 'asyncpg.exceptions._base.InterfaceError'>
          └ <module 'asyncpg.exceptions' from 'C:\\Users\\Administrator\\AppData\\Local\\pypoetry\\Cache\\virtualenvs\\zhenxun-bot-k9jvl_...

asyncpg.exceptions._base.InterfaceError: pool is closing
09-17 14:41:21 [ERROR] nonebot | Error when running RunPreProcessors. Running cancelled!
Traceback (most recent call last):

  File "C:\Program Files\zhenxun\zhenxun_bot-dev\bot.py", line 28, in <module>
    nonebot.run()
    │       └ <function run at 0x000001EEE2E40AE0>
    └ <module 'nonebot' from 'C:\\Users\\Administrator\\AppData\\Local\\pypoetry\\Cache\\virtualenvs\\zhenxun-bot-k9jvl_fX-py3.12\\...

  File "C:\Users\Administrator\AppData\Local\pypoetry\Cache\virtualenvs\zhenxun-bot-k9jvl_fX-py3.12\Lib\site-packages\nonebot\__init__.py", line 335, in run
    get_driver().run(*args, **kwargs)
    │                 │       └ {}
    │                 └ ()
    └ <function get_driver at 0x000001EEE047D4E0>
  File "C:\Users\Administrator\AppData\Local\pypoetry\Cache\virtualenvs\zhenxun-bot-k9jvl_fX-py3.12\Lib\site-packages\nonebot\drivers\fastapi.py", line 186, in run
    uvicorn.run(
    │       └ <function run at 0x000001EEE3E66480>
    └ <module 'uvicorn' from 'C:\\Users\\Administrator\\AppData\\Local\\pypoetry\\Cache\\virtualenvs\\zhenxun-bot-k9jvl_fX-py3.12\\...
  File "C:\Users\Administrator\AppData\Local\pypoetry\Cache\virtualenvs\zhenxun-bot-k9jvl_fX-py3.12\Lib\site-packages\uvicorn\main.py", line 577, in run
    server.run()
    │      └ <function Server.run at 0x000001EEE3E2CA40>
    └ <uvicorn.server.Server object at 0x000001EEF1A8C7A0>
  File "C:\Users\Administrator\AppData\Local\pypoetry\Cache\virtualenvs\zhenxun-bot-k9jvl_fX-py3.12\Lib\site-packages\uvicorn\server.py", line 65, in run
    return asyncio.run(self.serve(sockets=sockets))
           │       │   │    │             └ None
           │       │   │    └ <function Server.serve at 0x000001EEE3E2CAE0>
           │       │   └ <uvicorn.server.Server object at 0x000001EEF1A8C7A0>
           │       └ <function run at 0x000001EEE0B20EA0>
           └ <module 'asyncio' from 'C:\\Users\\Administrator\\AppData\\Local\\Programs\\Python\\Python312\\Lib\\asyncio\\__init__.py'>
  File "C:\Users\Administrator\AppData\Local\Programs\Python\Python312\Lib\asyncio\runners.py", line 194, in run
    return runner.run(main)
           │      │   └ <coroutine object Server.serve at 0x000001EEF34BB300>
           │      └ <function Runner.run at 0x000001EEE2851260>
           └ <asyncio.runners.Runner object at 0x000001EEF57656A0>
  File "C:\Users\Administrator\AppData\Local\Programs\Python\Python312\Lib\asyncio\runners.py", line 118, in run
    return self._loop.run_until_complete(task)
           │    │     │                  └ <Task pending name='Task-1' coro=<Server.serve() running at C:\Users\Administrator\AppData\Local\pypoetry\Cache\virtualenvs\z...
           │    │     └ <function BaseEventLoop.run_until_complete at 0x000001EEE284EDE0>
           │    └ <ProactorEventLoop running=True closed=False debug=False>
           └ <asyncio.runners.Runner object at 0x000001EEF57656A0>
  File "C:\Users\Administrator\AppData\Local\Programs\Python\Python312\Lib\asyncio\base_events.py", line 674, in run_until_complete
    self.run_forever()
    │    └ <function ProactorEventLoop.run_forever at 0x000001EEE28C0360>
    └ <ProactorEventLoop running=True closed=False debug=False>
  File "C:\Users\Administrator\AppData\Local\Programs\Python\Python312\Lib\asyncio\windows_events.py", line 322, in run_forever
    super().run_forever()
  File "C:\Users\Administrator\AppData\Local\Programs\Python\Python312\Lib\asyncio\base_events.py", line 641, in run_forever
    self._run_once()
    │    └ <function BaseEventLoop._run_once at 0x000001EEE2850B80>
    └ <ProactorEventLoop running=True closed=False debug=False>
  File "C:\Users\Administrator\AppData\Local\Programs\Python\Python312\Lib\asyncio\base_events.py", line 1986, in _run_once
    handle._run()
    │      └ <function Handle._run at 0x000001EEE1028720>
    └ <Handle Task.task_wakeup(<_GatheringFu... is closing')>)>
  File "C:\Users\Administrator\AppData\Local\Programs\Python\Python312\Lib\asyncio\events.py", line 88, in _run
    self._context.run(self._callback, *self._args)
    │    │            │    │           │    └ <member '_args' of 'Handle' objects>
    │    │            │    │           └ <Handle Task.task_wakeup(<_GatheringFu... is closing')>)>
    │    │            │    └ <member '_callback' of 'Handle' objects>
    │    │            └ <Handle Task.task_wakeup(<_GatheringFu... is closing')>)>
    │    └ <member '_context' of 'Handle' objects>
    └ <Handle Task.task_wakeup(<_GatheringFu... is closing')>)>
  File "C:\Users\Administrator\AppData\Local\pypoetry\Cache\virtualenvs\zhenxun-bot-k9jvl_fX-py3.12\Lib\site-packages\nonebot\message.py", line 476, in check_and_run_matcher
    await _run_matcher(
          └ <function _run_matcher at 0x000001EEE2F8F380>
  File "C:\Users\Administrator\AppData\Local\pypoetry\Cache\virtualenvs\zhenxun-bot-k9jvl_fX-py3.12\Lib\site-packages\nonebot\message.py", line 414, in _run_matcher
    if not await _apply_run_preprocessors(
                 └ <function _apply_run_preprocessors at 0x000001EEE2F8EFC0>
> File "C:\Users\Administrator\AppData\Local\pypoetry\Cache\virtualenvs\zhenxun-bot-k9jvl_fX-py3.12\Lib\site-packages\nonebot\message.py", line 257, in _apply_run_preprocessors
    await asyncio.gather(
          │       └ <function gather at 0x000001EEE283B740>
          └ <module 'asyncio' from 'C:\\Users\\Administrator\\AppData\\Local\\Programs\\Python\\Python312\\Lib\\asyncio\\__init__.py'>
  File "C:\Users\Administrator\AppData\Local\pypoetry\Cache\virtualenvs\zhenxun-bot-k9jvl_fX-py3.12\Lib\site-packages\nonebot\utils.py", line 236, in run_coro_with_catch
    return await coro
                 └ <coroutine object Dependent.__call__ at 0x000001EEF5BBB640>
  File "C:\Users\Administrator\AppData\Local\pypoetry\Cache\virtualenvs\zhenxun-bot-k9jvl_fX-py3.12\Lib\site-packages\nonebot\dependencies\__init__.py", line 94, in __call__
    return await cast(Callable[..., Awaitable[R]], self.call)(**values)
                 │    │             │         │    │    │       └ {'matcher': Matcher(type='message', module=zhenxun.plugins.parse_bilibili, lineno=54), 'event': PrivateMessageEvent(time=1726...
                 │    │             │         │    │    └ <function _ at 0x000001EEEC959260>
                 │    │             │         │    └ Dependent(call=_)
                 │    │             │         └ ~R
                 │    │             └ <class 'collections.abc.Awaitable'>
                 │    └ typing.Callable
                 └ <function cast at 0x000001EEE0A60540>

  File "C:\Program Files\zhenxun\zhenxun_bot-dev\zhenxun\builtin_plugins\hooks\auth_hook.py", line 17, in _
    await checker.auth(
          │       └ <function AuthChecker.auth at 0x000001EEEC959EE0>
          └ <zhenxun.builtin_plugins.hooks._auth_checker.AuthChecker object at 0x000001EEEC96D880>

  File "C:\Program Files\zhenxun\zhenxun_bot-dev\zhenxun\builtin_plugins\hooks\_auth_checker.py", line 229, in auth
    user = await UserConsole.get_user(user_id, session.platform)
                 │           │        │        │       └ 'qq'
                 │           │        │        └ Session(bot_id='3973508735', bot_type='OneBot V11', platform='qq', level=<SessionLevel.LEVEL1: 1>, id1='843298567', id2=None,...
                 │           │        └ '843298567'
                 │           └ <classmethod(<function UserConsole.get_user at 0x000001EEE672B880>)>
                 └ <class 'zhenxun.models.user_console.UserConsole'>

  File "C:\Program Files\zhenxun\zhenxun_bot-dev\zhenxun\models\user_console.py", line 47, in get_user
    if not await cls.exists(user_id=user_id):
                 │   │              └ '843298567'
                 │   └ <classmethod(<function Model.exists at 0x000001EEE48A3BA0>)>
                 └ <class 'zhenxun.models.user_console.UserConsole'>

  File "C:\Users\Administrator\AppData\Local\pypoetry\Cache\virtualenvs\zhenxun-bot-k9jvl_fX-py3.12\Lib\site-packages\tortoise\queryset.py", line 1218, in _execute
    result, _ = await self._db.execute_query(str(self.query))
                      │    │                     │    └ <member 'query' of 'AwaitableQuery' objects>
                      │    │                     └ <tortoise.queryset.ExistsQuery object at 0x000001EEF5B527C0>
                      │    └ <member '_db' of 'AwaitableQuery' objects>
                      └ <tortoise.queryset.ExistsQuery object at 0x000001EEF5B527C0>
  File "C:\Users\Administrator\AppData\Local\pypoetry\Cache\virtualenvs\zhenxun-bot-k9jvl_fX-py3.12\Lib\site-packages\tortoise\backends\base_postgres\client.py", line 34, in _translate_exceptions
    return await self._translate_exceptions(func, *args, **kwargs)
                 │    │                     │      │       └ {}
                 │    │                     │      └ ('SELECT 1 FROM "user_console" WHERE "user_id"=\'843298567\' LIMIT 1',)
                 │    │                     └ <function AsyncpgDBClient.execute_query at 0x000001EEF57B31A0>
                 │    └ <function AsyncpgDBClient._translate_exceptions at 0x000001EEF57B2CA0>
                 └ <tortoise.backends.asyncpg.client.AsyncpgDBClient object at 0x000001EEF32FE8A0>
  File "C:\Users\Administrator\AppData\Local\pypoetry\Cache\virtualenvs\zhenxun-bot-k9jvl_fX-py3.12\Lib\site-packages\tortoise\backends\asyncpg\client.py", line 82, in _translate_exceptions
    return await func(self, *args, **kwargs)
                 │    │      │       └ {}
                 │    │      └ ('SELECT 1 FROM "user_console" WHERE "user_id"=\'843298567\' LIMIT 1',)
                 │    └ <tortoise.backends.asyncpg.client.AsyncpgDBClient object at 0x000001EEF32FE8A0>
                 └ <function AsyncpgDBClient.execute_query at 0x000001EEF57B31A0>
  File "C:\Users\Administrator\AppData\Local\pypoetry\Cache\virtualenvs\zhenxun-bot-k9jvl_fX-py3.12\Lib\site-packages\tortoise\backends\asyncpg\client.py", line 129, in execute_query
    async with self.acquire_connection() as connection:
               │    └ <function AsyncpgDBClient.acquire_connection at 0x000001EEF57B2DE0>
               └ <tortoise.backends.asyncpg.client.AsyncpgDBClient object at 0x000001EEF32FE8A0>
  File "C:\Users\Administrator\AppData\Local\pypoetry\Cache\virtualenvs\zhenxun-bot-k9jvl_fX-py3.12\Lib\site-packages\tortoise\backends\base\client.py", line 328, in __aenter__
    self.connection = await self.pool.acquire()
    │    │                  │    │    └ <function Pool.acquire at 0x000001EEF1529080>
    │    │                  │    └ <asyncpg.pool.Pool object at 0x000001EEE794F270>
    │    │                  └ <tortoise.backends.base.client.PoolConnectionWrapper object at 0x000001EEF5BD3740>
    │    └ None
    └ <tortoise.backends.base.client.PoolConnectionWrapper object at 0x000001EEF5BD3740>
  File "C:\Users\Administrator\AppData\Local\pypoetry\Cache\virtualenvs\zhenxun-bot-k9jvl_fX-py3.12\Lib\site-packages\asyncpg\pool.py", line 817, in _acquire
    raise exceptions.InterfaceError('pool is closing')
          │          └ <class 'asyncpg.exceptions._base.InterfaceError'>
          └ <module 'asyncpg.exceptions' from 'C:\\Users\\Administrator\\AppData\\Local\\pypoetry\\Cache\\virtualenvs\\zhenxun-bot-k9jvl_...

asyncpg.exceptions._base.InterfaceError: pool is closing
09-17 15:07:25 [ERROR] nonebot | Failed to import "word_clouds"
Traceback (most recent call last):

  File "C:\Program Files\zhenxun\zhenxun_bot-dev\bot.py", line 24, in <module>
    nonebot.load_plugins("zhenxun/plugins")
    │       └ <function load_plugins at 0x000001C42497D990>
    └ <module 'nonebot' from 'C:\\Users\\Administrator\\AppData\\Local\\pypoetry\\Cache\\virtualenvs\\zhenxun-bot-k9jvl_fX-py3.10\\...

  File "C:\Users\Administrator\AppData\Local\pypoetry\Cache\virtualenvs\zhenxun-bot-k9jvl_fX-py3.10\lib\site-packages\nonebot\plugin\load.py", line 51, in load_plugins
    return manager.load_all_plugins()
           │       └ <function PluginManager.load_all_plugins at 0x000001C42497C280>
           └ PluginManager(available_plugins={'ai': 'zhenxun.plugins.ai', 'bilibili_sub': 'zhenxun.plugins.bilibili_sub', 'black_word': 'z...

  File "C:\Users\Administrator\AppData\Local\pypoetry\Cache\virtualenvs\zhenxun-bot-k9jvl_fX-py3.10\lib\site-packages\nonebot\plugin\manager.py", line 203, in load_all_plugins
    return set(

  File "C:\Users\Administrator\AppData\Local\pypoetry\Cache\virtualenvs\zhenxun-bot-k9jvl_fX-py3.10\lib\site-packages\nonebot\plugin\manager.py", line 204, in <genexpr>
    filter(None, (self.load_plugin(name) for name in self.available_plugins))
                  │    │           │         │       │    └ <property object at 0x000001C424933150>
                  │    │           │         │       └ PluginManager(available_plugins={'ai': 'zhenxun.plugins.ai', 'bilibili_sub': 'zhenxun.plugins.bilibili_sub', 'black_word': 'z...
                  │    │           │         └ 'word_clouds'
                  │    │           └ 'word_clouds'
                  │    └ <function PluginManager.load_plugin at 0x000001C42497C1F0>
                  └ PluginManager(available_plugins={'ai': 'zhenxun.plugins.ai', 'bilibili_sub': 'zhenxun.plugins.bilibili_sub', 'black_word': 'z...

> File "C:\Users\Administrator\AppData\Local\pypoetry\Cache\virtualenvs\zhenxun-bot-k9jvl_fX-py3.10\lib\site-packages\nonebot\plugin\manager.py", line 169, in load_plugin
    module = importlib.import_module(self._searched_plugin_ids[name])
             │         │             │    │                    └ 'word_clouds'
             │         │             │    └ {'ai': 'zhenxun.plugins.ai', 'bilibili_sub': 'zhenxun.plugins.bilibili_sub', 'black_word': 'zhenxun.plugins.black_word', 'bt'...
             │         │             └ PluginManager(available_plugins={'ai': 'zhenxun.plugins.ai', 'bilibili_sub': 'zhenxun.plugins.bilibili_sub', 'black_word': 'z...
             │         └ <function import_module at 0x000001C4214B5240>
             └ <module 'importlib' from 'C:\\Users\\Administrator\\AppData\\Local\\Programs\\Python\\Python310\\lib\\importlib\\__init__.py'>

  File "C:\Users\Administrator\AppData\Local\Programs\Python\Python310\lib\importlib\__init__.py", line 126, in import_module
    return _bootstrap._gcd_import(name[level:], package, level)
           │          │           │    │        │        └ 0
           │          │           │    │        └ None
           │          │           │    └ 0
           │          │           └ 'zhenxun.plugins.word_clouds'
           │          └ <function _gcd_import at 0x000001C421363490>
           └ <module '_frozen_importlib' (frozen)>

  File "<frozen importlib._bootstrap>", line 1050, in _gcd_import
  File "<frozen importlib._bootstrap>", line 1027, in _find_and_load
  File "<frozen importlib._bootstrap>", line 1006, in _find_and_load_unlocked
  File "<frozen importlib._bootstrap>", line 688, in _load_unlocked

  File "C:\Users\Administrator\AppData\Local\pypoetry\Cache\virtualenvs\zhenxun-bot-k9jvl_fX-py3.10\lib\site-packages\nonebot\plugin\manager.py", line 255, in exec_module
    super().exec_module(module)
                        └ <module 'zhenxun.plugins.word_clouds' from 'C:\\Program Files\\zhenxun\\zhenxun_bot-dev\\zhenxun\\plugins\\word_clouds\\__ini...

  File "<frozen importlib._bootstrap_external>", line 883, in exec_module
  File "<frozen importlib._bootstrap>", line 241, in _call_with_frames_removed

  File "C:\Program Files\zhenxun\zhenxun_bot-dev\zhenxun\plugins\word_clouds\__init__.py", line 20, in <module>
    from .data_source import draw_word_cloud, get_list_msg

  File "C:\Program Files\zhenxun\zhenxun_bot-dev\zhenxun\plugins\word_clouds\data_source.py", line 6, in <module>
    import jieba

ModuleNotFoundError: No module named 'jieba'
09-17 17:10:17 [ERROR] nonebot | Failed to import "ai"
Traceback (most recent call last):

  File "C:\Program Files\zhenxun\zhenxun_bot-dev\bot.py", line 24, in <module>
    nonebot.load_plugins("zhenxun/plugins")
    │       └ <function load_plugins at 0x000001A9A36C1900>
    └ <module 'nonebot' from 'C:\\Users\\Administrator\\AppData\\Local\\pypoetry\\Cache\\virtualenvs\\zhenxun-bot-k9jvl_fX-py3.10\\...

  File "C:\Users\Administrator\AppData\Local\pypoetry\Cache\virtualenvs\zhenxun-bot-k9jvl_fX-py3.10\lib\site-packages\nonebot\plugin\load.py", line 51, in load_plugins
    return manager.load_all_plugins()
           │       └ <function PluginManager.load_all_plugins at 0x000001A9A36C01F0>
           └ PluginManager(available_plugins={'ai': 'zhenxun.plugins.ai', 'bilibili_sub': 'zhenxun.plugins.bilibili_sub', 'black_word': 'z...

  File "C:\Users\Administrator\AppData\Local\pypoetry\Cache\virtualenvs\zhenxun-bot-k9jvl_fX-py3.10\lib\site-packages\nonebot\plugin\manager.py", line 203, in load_all_plugins
    return set(

  File "C:\Users\Administrator\AppData\Local\pypoetry\Cache\virtualenvs\zhenxun-bot-k9jvl_fX-py3.10\lib\site-packages\nonebot\plugin\manager.py", line 204, in <genexpr>
    filter(None, (self.load_plugin(name) for name in self.available_plugins))
                  │    │           │         │       │    └ <property object at 0x000001A9A36B8D10>
                  │    │           │         │       └ PluginManager(available_plugins={'ai': 'zhenxun.plugins.ai', 'bilibili_sub': 'zhenxun.plugins.bilibili_sub', 'black_word': 'z...
                  │    │           │         └ 'ai'
                  │    │           └ 'ai'
                  │    └ <function PluginManager.load_plugin at 0x000001A9A36C0160>
                  └ PluginManager(available_plugins={'ai': 'zhenxun.plugins.ai', 'bilibili_sub': 'zhenxun.plugins.bilibili_sub', 'black_word': 'z...

> File "C:\Users\Administrator\AppData\Local\pypoetry\Cache\virtualenvs\zhenxun-bot-k9jvl_fX-py3.10\lib\site-packages\nonebot\plugin\manager.py", line 169, in load_plugin
    module = importlib.import_module(self._searched_plugin_ids[name])
             │         │             │    │                    └ 'ai'
             │         │             │    └ {'ai': 'zhenxun.plugins.ai', 'bilibili_sub': 'zhenxun.plugins.bilibili_sub', 'black_word': 'zhenxun.plugins.black_word', 'bt'...
             │         │             └ PluginManager(available_plugins={'ai': 'zhenxun.plugins.ai', 'bilibili_sub': 'zhenxun.plugins.bilibili_sub', 'black_word': 'z...
             │         └ <function import_module at 0x000001A9A0A85090>
             └ <module 'importlib' from 'C:\\Users\\Administrator\\AppData\\Local\\Programs\\Python\\Python310\\lib\\importlib\\__init__.py'>

  File "C:\Users\Administrator\AppData\Local\Programs\Python\Python310\lib\importlib\__init__.py", line 126, in import_module
    return _bootstrap._gcd_import(name[level:], package, level)
           │          │           │    │        │        └ 0
           │          │           │    │        └ None
           │          │           │    └ 0
           │          │           └ 'zhenxun.plugins.ai'
           │          └ <function _gcd_import at 0x000001A9A0933490>
           └ <module '_frozen_importlib' (frozen)>

  File "<frozen importlib._bootstrap>", line 1050, in _gcd_import
  File "<frozen importlib._bootstrap>", line 1027, in _find_and_load
  File "<frozen importlib._bootstrap>", line 1006, in _find_and_load_unlocked
  File "<frozen importlib._bootstrap>", line 688, in _load_unlocked

  File "C:\Users\Administrator\AppData\Local\pypoetry\Cache\virtualenvs\zhenxun-bot-k9jvl_fX-py3.10\lib\site-packages\nonebot\plugin\manager.py", line 255, in exec_module
    super().exec_module(module)
                        └ <module 'zhenxun.plugins.ai' from 'C:\\Program Files\\zhenxun\\zhenxun_bot-dev\\zhenxun\\plugins\\ai\\__init__.py'>

  File "<frozen importlib._bootstrap_external>", line 883, in exec_module
  File "<frozen importlib._bootstrap>", line 241, in _call_with_frames_removed

  File "C:\Program Files\zhenxun\zhenxun_bot-dev\zhenxun\plugins\ai\__init__.py", line 17, in <module>
    from .data_source import get_chat_result, hello, no_result

  File "C:\Program Files\zhenxun\zhenxun_bot-dev\zhenxun\plugins\ai\data_source.py", line 54
    else return "系统繁忙"
         ^^^^^^

SyntaxError: expected ':'
09-17 17:12:35 [ERROR] uvicorn | Traceback (most recent call last):
  File "C:\Users\Administrator\AppData\Local\Programs\Python\Python310\lib\asyncio\runners.py", line 44, in run
    return loop.run_until_complete(main)
  File "C:\Users\Administrator\AppData\Local\Programs\Python\Python310\lib\asyncio\base_events.py", line 636, in run_until_complete
    self.run_forever()
  File "C:\Users\Administrator\AppData\Local\Programs\Python\Python310\lib\asyncio\windows_events.py", line 321, in run_forever
    super().run_forever()
  File "C:\Users\Administrator\AppData\Local\Programs\Python\Python310\lib\asyncio\base_events.py", line 603, in run_forever
    self._run_once()
  File "C:\Users\Administrator\AppData\Local\Programs\Python\Python310\lib\asyncio\base_events.py", line 1909, in _run_once
    handle._run()
  File "C:\Users\Administrator\AppData\Local\Programs\Python\Python310\lib\asyncio\events.py", line 80, in _run
    self._context.run(self._callback, *self._args)
  File "C:\Users\Administrator\AppData\Local\pypoetry\Cache\virtualenvs\zhenxun-bot-k9jvl_fX-py3.10\lib\site-packages\uvicorn\server.py", line 68, in serve
    with self.capture_signals():
  File "C:\Users\Administrator\AppData\Local\Programs\Python\Python310\lib\contextlib.py", line 142, in __exit__
    next(self.gen)
  File "C:\Users\Administrator\AppData\Local\pypoetry\Cache\virtualenvs\zhenxun-bot-k9jvl_fX-py3.10\lib\site-packages\uvicorn\server.py", line 328, in capture_signals
    signal.raise_signal(captured_signal)
KeyboardInterrupt

During handling of the above exception, another exception occurred:

Traceback (most recent call last):
  File "C:\Users\Administrator\AppData\Local\pypoetry\Cache\virtualenvs\zhenxun-bot-k9jvl_fX-py3.10\lib\site-packages\starlette\routing.py", line 700, in lifespan
    await receive()
  File "C:\Users\Administrator\AppData\Local\pypoetry\Cache\virtualenvs\zhenxun-bot-k9jvl_fX-py3.10\lib\site-packages\uvicorn\lifespan\on.py", line 137, in receive
    return await self.receive_queue.get()
  File "C:\Users\Administrator\AppData\Local\Programs\Python\Python310\lib\asyncio\queues.py", line 159, in get
    await getter
asyncio.exceptions.CancelledError

09-17 17:18:13 [ERROR] uvicorn | Traceback (most recent call last):
  File "C:\Users\Administrator\AppData\Local\Programs\Python\Python310\lib\asyncio\runners.py", line 44, in run
    return loop.run_until_complete(main)
  File "C:\Users\Administrator\AppData\Local\Programs\Python\Python310\lib\asyncio\base_events.py", line 636, in run_until_complete
    self.run_forever()
  File "C:\Users\Administrator\AppData\Local\Programs\Python\Python310\lib\asyncio\windows_events.py", line 321, in run_forever
    super().run_forever()
  File "C:\Users\Administrator\AppData\Local\Programs\Python\Python310\lib\asyncio\base_events.py", line 603, in run_forever
    self._run_once()
  File "C:\Users\Administrator\AppData\Local\Programs\Python\Python310\lib\asyncio\base_events.py", line 1909, in _run_once
    handle._run()
  File "C:\Users\Administrator\AppData\Local\Programs\Python\Python310\lib\asyncio\events.py", line 80, in _run
    self._context.run(self._callback, *self._args)
  File "C:\Users\Administrator\AppData\Local\pypoetry\Cache\virtualenvs\zhenxun-bot-k9jvl_fX-py3.10\lib\site-packages\uvicorn\server.py", line 68, in serve
    with self.capture_signals():
  File "C:\Users\Administrator\AppData\Local\Programs\Python\Python310\lib\contextlib.py", line 142, in __exit__
    next(self.gen)
  File "C:\Users\Administrator\AppData\Local\pypoetry\Cache\virtualenvs\zhenxun-bot-k9jvl_fX-py3.10\lib\site-packages\uvicorn\server.py", line 328, in capture_signals
    signal.raise_signal(captured_signal)
KeyboardInterrupt

During handling of the above exception, another exception occurred:

Traceback (most recent call last):
  File "C:\Users\Administrator\AppData\Local\pypoetry\Cache\virtualenvs\zhenxun-bot-k9jvl_fX-py3.10\lib\site-packages\starlette\routing.py", line 700, in lifespan
    await receive()
  File "C:\Users\Administrator\AppData\Local\pypoetry\Cache\virtualenvs\zhenxun-bot-k9jvl_fX-py3.10\lib\site-packages\uvicorn\lifespan\on.py", line 137, in receive
    return await self.receive_queue.get()
  File "C:\Users\Administrator\AppData\Local\Programs\Python\Python310\lib\asyncio\queues.py", line 159, in get
    await getter
asyncio.exceptions.CancelledError

09-17 17:41:28 [ERROR] nonebot | Failed to import "ai"
Traceback (most recent call last):

  File "C:\Program Files\zhenxun\zhenxun_bot-dev\bot.py", line 24, in <module>
    nonebot.load_plugins("zhenxun/plugins")
    │       └ <function load_plugins at 0x000001EEB2181900>
    └ <module 'nonebot' from 'C:\\Users\\Administrator\\AppData\\Local\\pypoetry\\Cache\\virtualenvs\\zhenxun-bot-k9jvl_fX-py3.10\\...

  File "C:\Users\Administrator\AppData\Local\pypoetry\Cache\virtualenvs\zhenxun-bot-k9jvl_fX-py3.10\lib\site-packages\nonebot\plugin\load.py", line 51, in load_plugins
    return manager.load_all_plugins()
           │       └ <function PluginManager.load_all_plugins at 0x000001EEB21801F0>
           └ PluginManager(available_plugins={'ai': 'zhenxun.plugins.ai', 'bilibili_sub': 'zhenxun.plugins.bilibili_sub', 'black_word': 'z...

  File "C:\Users\Administrator\AppData\Local\pypoetry\Cache\virtualenvs\zhenxun-bot-k9jvl_fX-py3.10\lib\site-packages\nonebot\plugin\manager.py", line 203, in load_all_plugins
    return set(

  File "C:\Users\Administrator\AppData\Local\pypoetry\Cache\virtualenvs\zhenxun-bot-k9jvl_fX-py3.10\lib\site-packages\nonebot\plugin\manager.py", line 204, in <genexpr>
    filter(None, (self.load_plugin(name) for name in self.available_plugins))
                  │    │           │         │       │    └ <property object at 0x000001EEB2178900>
                  │    │           │         │       └ PluginManager(available_plugins={'ai': 'zhenxun.plugins.ai', 'bilibili_sub': 'zhenxun.plugins.bilibili_sub', 'black_word': 'z...
                  │    │           │         └ 'ai'
                  │    │           └ 'ai'
                  │    └ <function PluginManager.load_plugin at 0x000001EEB2180160>
                  └ PluginManager(available_plugins={'ai': 'zhenxun.plugins.ai', 'bilibili_sub': 'zhenxun.plugins.bilibili_sub', 'black_word': 'z...

> File "C:\Users\Administrator\AppData\Local\pypoetry\Cache\virtualenvs\zhenxun-bot-k9jvl_fX-py3.10\lib\site-packages\nonebot\plugin\manager.py", line 169, in load_plugin
    module = importlib.import_module(self._searched_plugin_ids[name])
             │         │             │    │                    └ 'ai'
             │         │             │    └ {'ai': 'zhenxun.plugins.ai', 'bilibili_sub': 'zhenxun.plugins.bilibili_sub', 'black_word': 'zhenxun.plugins.black_word', 'bt'...
             │         │             └ PluginManager(available_plugins={'ai': 'zhenxun.plugins.ai', 'bilibili_sub': 'zhenxun.plugins.bilibili_sub', 'black_word': 'z...
             │         └ <function import_module at 0x000001EEAF525090>
             └ <module 'importlib' from 'C:\\Users\\Administrator\\AppData\\Local\\Programs\\Python\\Python310\\lib\\importlib\\__init__.py'>

  File "C:\Users\Administrator\AppData\Local\Programs\Python\Python310\lib\importlib\__init__.py", line 126, in import_module
    return _bootstrap._gcd_import(name[level:], package, level)
           │          │           │    │        │        └ 0
           │          │           │    │        └ None
           │          │           │    └ 0
           │          │           └ 'zhenxun.plugins.ai'
           │          └ <function _gcd_import at 0x000001EEAF003490>
           └ <module '_frozen_importlib' (frozen)>

  File "<frozen importlib._bootstrap>", line 1050, in _gcd_import
  File "<frozen importlib._bootstrap>", line 1027, in _find_and_load
  File "<frozen importlib._bootstrap>", line 1006, in _find_and_load_unlocked
  File "<frozen importlib._bootstrap>", line 688, in _load_unlocked

  File "C:\Users\Administrator\AppData\Local\pypoetry\Cache\virtualenvs\zhenxun-bot-k9jvl_fX-py3.10\lib\site-packages\nonebot\plugin\manager.py", line 255, in exec_module
    super().exec_module(module)
                        └ <module 'zhenxun.plugins.ai' from 'C:\\Program Files\\zhenxun\\zhenxun_bot-dev\\zhenxun\\plugins\\ai\\__init__.py'>

  File "<frozen importlib._bootstrap_external>", line 883, in exec_module
  File "<frozen importlib._bootstrap>", line 241, in _call_with_frames_removed

  File "C:\Program Files\zhenxun\zhenxun_bot-dev\zhenxun\plugins\ai\__init__.py", line 19, in <module>
    from .data_source import get_chat_result, hello, no_result

  File "C:\Program Files\zhenxun\zhenxun_bot-dev\zhenxun\plugins\ai\data_source.py", line 15, in <module>
    from ai import pattern

ModuleNotFoundError: No module named 'ai'
09-17 17:45:28 [ERROR] uvicorn | Traceback (most recent call last):
  File "C:\Users\Administrator\AppData\Local\Programs\Python\Python310\lib\asyncio\runners.py", line 44, in run
    return loop.run_until_complete(main)
  File "C:\Users\Administrator\AppData\Local\Programs\Python\Python310\lib\asyncio\base_events.py", line 636, in run_until_complete
    self.run_forever()
  File "C:\Users\Administrator\AppData\Local\Programs\Python\Python310\lib\asyncio\windows_events.py", line 321, in run_forever
    super().run_forever()
  File "C:\Users\Administrator\AppData\Local\Programs\Python\Python310\lib\asyncio\base_events.py", line 603, in run_forever
    self._run_once()
  File "C:\Users\Administrator\AppData\Local\Programs\Python\Python310\lib\asyncio\base_events.py", line 1909, in _run_once
    handle._run()
  File "C:\Users\Administrator\AppData\Local\Programs\Python\Python310\lib\asyncio\events.py", line 80, in _run
    self._context.run(self._callback, *self._args)
  File "C:\Users\Administrator\AppData\Local\pypoetry\Cache\virtualenvs\zhenxun-bot-k9jvl_fX-py3.10\lib\site-packages\uvicorn\server.py", line 68, in serve
    with self.capture_signals():
  File "C:\Users\Administrator\AppData\Local\Programs\Python\Python310\lib\contextlib.py", line 142, in __exit__
    next(self.gen)
  File "C:\Users\Administrator\AppData\Local\pypoetry\Cache\virtualenvs\zhenxun-bot-k9jvl_fX-py3.10\lib\site-packages\uvicorn\server.py", line 328, in capture_signals
    signal.raise_signal(captured_signal)
KeyboardInterrupt

During handling of the above exception, another exception occurred:

Traceback (most recent call last):
  File "C:\Users\Administrator\AppData\Local\pypoetry\Cache\virtualenvs\zhenxun-bot-k9jvl_fX-py3.10\lib\site-packages\starlette\routing.py", line 700, in lifespan
    await receive()
  File "C:\Users\Administrator\AppData\Local\pypoetry\Cache\virtualenvs\zhenxun-bot-k9jvl_fX-py3.10\lib\site-packages\uvicorn\lifespan\on.py", line 137, in receive
    return await self.receive_queue.get()
  File "C:\Users\Administrator\AppData\Local\Programs\Python\Python310\lib\asyncio\queues.py", line 159, in get
    await getter
asyncio.exceptions.CancelledError

09-17 17:45:39 [ERROR] nonebot | Failed to import "ai"
Traceback (most recent call last):

  File "C:\Program Files\zhenxun\zhenxun_bot-dev\bot.py", line 24, in <module>
    nonebot.load_plugins("zhenxun/plugins")
    │       └ <function load_plugins at 0x00000215BF801900>
    └ <module 'nonebot' from 'C:\\Users\\Administrator\\AppData\\Local\\pypoetry\\Cache\\virtualenvs\\zhenxun-bot-k9jvl_fX-py3.10\\...

  File "C:\Users\Administrator\AppData\Local\pypoetry\Cache\virtualenvs\zhenxun-bot-k9jvl_fX-py3.10\lib\site-packages\nonebot\plugin\load.py", line 51, in load_plugins
    return manager.load_all_plugins()
           │       └ <function PluginManager.load_all_plugins at 0x00000215BF8001F0>
           └ PluginManager(available_plugins={'ai': 'zhenxun.plugins.ai', 'bilibili_sub': 'zhenxun.plugins.bilibili_sub', 'black_word': 'z...

  File "C:\Users\Administrator\AppData\Local\pypoetry\Cache\virtualenvs\zhenxun-bot-k9jvl_fX-py3.10\lib\site-packages\nonebot\plugin\manager.py", line 203, in load_all_plugins
    return set(

  File "C:\Users\Administrator\AppData\Local\pypoetry\Cache\virtualenvs\zhenxun-bot-k9jvl_fX-py3.10\lib\site-packages\nonebot\plugin\manager.py", line 204, in <genexpr>
    filter(None, (self.load_plugin(name) for name in self.available_plugins))
                  │    │           │         │       │    └ <property object at 0x00000215BF7F8BD0>
                  │    │           │         │       └ PluginManager(available_plugins={'ai': 'zhenxun.plugins.ai', 'bilibili_sub': 'zhenxun.plugins.bilibili_sub', 'black_word': 'z...
                  │    │           │         └ 'ai'
                  │    │           └ 'ai'
                  │    └ <function PluginManager.load_plugin at 0x00000215BF800160>
                  └ PluginManager(available_plugins={'ai': 'zhenxun.plugins.ai', 'bilibili_sub': 'zhenxun.plugins.bilibili_sub', 'black_word': 'z...

> File "C:\Users\Administrator\AppData\Local\pypoetry\Cache\virtualenvs\zhenxun-bot-k9jvl_fX-py3.10\lib\site-packages\nonebot\plugin\manager.py", line 169, in load_plugin
    module = importlib.import_module(self._searched_plugin_ids[name])
             │         │             │    │                    └ 'ai'
             │         │             │    └ {'ai': 'zhenxun.plugins.ai', 'bilibili_sub': 'zhenxun.plugins.bilibili_sub', 'black_word': 'zhenxun.plugins.black_word', 'bt'...
             │         │             └ PluginManager(available_plugins={'ai': 'zhenxun.plugins.ai', 'bilibili_sub': 'zhenxun.plugins.bilibili_sub', 'black_word': 'z...
             │         └ <function import_module at 0x00000215BCC05090>
             └ <module 'importlib' from 'C:\\Users\\Administrator\\AppData\\Local\\Programs\\Python\\Python310\\lib\\importlib\\__init__.py'>

  File "C:\Users\Administrator\AppData\Local\Programs\Python\Python310\lib\importlib\__init__.py", line 126, in import_module
    return _bootstrap._gcd_import(name[level:], package, level)
           │          │           │    │        │        └ 0
           │          │           │    │        └ None
           │          │           │    └ 0
           │          │           └ 'zhenxun.plugins.ai'
           │          └ <function _gcd_import at 0x00000215BCAB3490>
           └ <module '_frozen_importlib' (frozen)>

  File "<frozen importlib._bootstrap>", line 1050, in _gcd_import
  File "<frozen importlib._bootstrap>", line 1027, in _find_and_load
  File "<frozen importlib._bootstrap>", line 1006, in _find_and_load_unlocked
  File "<frozen importlib._bootstrap>", line 688, in _load_unlocked

  File "C:\Users\Administrator\AppData\Local\pypoetry\Cache\virtualenvs\zhenxun-bot-k9jvl_fX-py3.10\lib\site-packages\nonebot\plugin\manager.py", line 255, in exec_module
    super().exec_module(module)
                        └ <module 'zhenxun.plugins.ai' from 'C:\\Program Files\\zhenxun\\zhenxun_bot-dev\\zhenxun\\plugins\\ai\\__init__.py'>

  File "<frozen importlib._bootstrap_external>", line 883, in exec_module
  File "<frozen importlib._bootstrap>", line 241, in _call_with_frames_removed

  File "C:\Program Files\zhenxun\zhenxun_bot-dev\zhenxun\plugins\ai\__init__.py", line 19, in <module>
    from .data_source import get_chat_result, hello, no_result

  File "C:\Program Files\zhenxun\zhenxun_bot-dev\zhenxun\plugins\ai\data_source.py", line 15, in <module>
    from zhenxun.plugins.ai import pattern

ImportError: cannot import name 'pattern' from partially initialized module 'zhenxun.plugins.ai' (most likely due to a circular import) (C:\Program Files\zhenxun\zhenxun_bot-dev\zhenxun\plugins\ai\__init__.py)
09-17 17:48:14 [ERROR] nonebot | Failed to import "ai"
Traceback (most recent call last):

  File "C:\Program Files\zhenxun\zhenxun_bot-dev\bot.py", line 24, in <module>
    nonebot.load_plugins("zhenxun/plugins")
    │       └ <function load_plugins at 0x000001FF48631900>
    └ <module 'nonebot' from 'C:\\Users\\Administrator\\AppData\\Local\\pypoetry\\Cache\\virtualenvs\\zhenxun-bot-k9jvl_fX-py3.10\\...

  File "C:\Users\Administrator\AppData\Local\pypoetry\Cache\virtualenvs\zhenxun-bot-k9jvl_fX-py3.10\lib\site-packages\nonebot\plugin\load.py", line 51, in load_plugins
    return manager.load_all_plugins()
           │       └ <function PluginManager.load_all_plugins at 0x000001FF486301F0>
           └ PluginManager(available_plugins={'ai': 'zhenxun.plugins.ai', 'bilibili_sub': 'zhenxun.plugins.bilibili_sub', 'black_word': 'z...

  File "C:\Users\Administrator\AppData\Local\pypoetry\Cache\virtualenvs\zhenxun-bot-k9jvl_fX-py3.10\lib\site-packages\nonebot\plugin\manager.py", line 203, in load_all_plugins
    return set(

  File "C:\Users\Administrator\AppData\Local\pypoetry\Cache\virtualenvs\zhenxun-bot-k9jvl_fX-py3.10\lib\site-packages\nonebot\plugin\manager.py", line 204, in <genexpr>
    filter(None, (self.load_plugin(name) for name in self.available_plugins))
                  │    │           │         │       │    └ <property object at 0x000001FF48628BD0>
                  │    │           │         │       └ PluginManager(available_plugins={'ai': 'zhenxun.plugins.ai', 'bilibili_sub': 'zhenxun.plugins.bilibili_sub', 'black_word': 'z...
                  │    │           │         └ 'ai'
                  │    │           └ 'ai'
                  │    └ <function PluginManager.load_plugin at 0x000001FF48630160>
                  └ PluginManager(available_plugins={'ai': 'zhenxun.plugins.ai', 'bilibili_sub': 'zhenxun.plugins.bilibili_sub', 'black_word': 'z...

> File "C:\Users\Administrator\AppData\Local\pypoetry\Cache\virtualenvs\zhenxun-bot-k9jvl_fX-py3.10\lib\site-packages\nonebot\plugin\manager.py", line 169, in load_plugin
    module = importlib.import_module(self._searched_plugin_ids[name])
             │         │             │    │                    └ 'ai'
             │         │             │    └ {'ai': 'zhenxun.plugins.ai', 'bilibili_sub': 'zhenxun.plugins.bilibili_sub', 'black_word': 'zhenxun.plugins.black_word', 'bt'...
             │         │             └ PluginManager(available_plugins={'ai': 'zhenxun.plugins.ai', 'bilibili_sub': 'zhenxun.plugins.bilibili_sub', 'black_word': 'z...
             │         └ <function import_module at 0x000001FF459D5090>
             └ <module 'importlib' from 'C:\\Users\\Administrator\\AppData\\Local\\Programs\\Python\\Python310\\lib\\importlib\\__init__.py'>

  File "C:\Users\Administrator\AppData\Local\Programs\Python\Python310\lib\importlib\__init__.py", line 126, in import_module
    return _bootstrap._gcd_import(name[level:], package, level)
           │          │           │    │        │        └ 0
           │          │           │    │        └ None
           │          │           │    └ 0
           │          │           └ 'zhenxun.plugins.ai'
           │          └ <function _gcd_import at 0x000001FF454B3490>
           └ <module '_frozen_importlib' (frozen)>

  File "<frozen importlib._bootstrap>", line 1050, in _gcd_import
  File "<frozen importlib._bootstrap>", line 1027, in _find_and_load
  File "<frozen importlib._bootstrap>", line 1006, in _find_and_load_unlocked
  File "<frozen importlib._bootstrap>", line 688, in _load_unlocked

  File "C:\Users\Administrator\AppData\Local\pypoetry\Cache\virtualenvs\zhenxun-bot-k9jvl_fX-py3.10\lib\site-packages\nonebot\plugin\manager.py", line 255, in exec_module
    super().exec_module(module)
                        └ <module 'zhenxun.plugins.ai' from 'C:\\Program Files\\zhenxun\\zhenxun_bot-dev\\zhenxun\\plugins\\ai\\__init__.py'>

  File "<frozen importlib._bootstrap_external>", line 883, in exec_module
  File "<frozen importlib._bootstrap>", line 241, in _call_with_frames_removed

  File "C:\Program Files\zhenxun\zhenxun_bot-dev\zhenxun\plugins\ai\__init__.py", line 19, in <module>
    from .data_source import get_chat_result, hello, no_result

  File "C:\Program Files\zhenxun\zhenxun_bot-dev\zhenxun\plugins\ai\data_source.py", line 15, in <module>
    from zhenxun.plugins.ai import pattern

ImportError: cannot import name 'pattern' from partially initialized module 'zhenxun.plugins.ai' (most likely due to a circular import) (C:\Program Files\zhenxun\zhenxun_bot-dev\zhenxun\plugins\ai\__init__.py)
09-17 18:10:00 [ERROR] nonebot | Running AlconnaMatcher(type='', module=zhenxun.builtin_plugins.sign_in, lineno=89) failed.
Traceback (most recent call last):

  File "C:\Program Files\zhenxun\zhenxun_bot-dev\bot.py", line 28, in <module>
    nonebot.run()
    │       └ <function run at 0x0000028CCB80D510>
    └ <module 'nonebot' from 'C:\\Users\\Administrator\\AppData\\Local\\pypoetry\\Cache\\virtualenvs\\zhenxun-bot-k9jvl_fX-py3.10\\...

  File "C:\Users\Administrator\AppData\Local\pypoetry\Cache\virtualenvs\zhenxun-bot-k9jvl_fX-py3.10\lib\site-packages\nonebot\__init__.py", line 335, in run
    get_driver().run(*args, **kwargs)
    │                 │       └ {}
    │                 └ ()
    └ <function get_driver at 0x0000028CCB80D360>

  File "C:\Users\Administrator\AppData\Local\pypoetry\Cache\virtualenvs\zhenxun-bot-k9jvl_fX-py3.10\lib\site-packages\nonebot\drivers\fastapi.py", line 186, in run
    uvicorn.run(
    │       └ <function run at 0x0000028CCBFEAD40>
    └ <module 'uvicorn' from 'C:\\Users\\Administrator\\AppData\\Local\\pypoetry\\Cache\\virtualenvs\\zhenxun-bot-k9jvl_fX-py3.10\\...

  File "C:\Users\Administrator\AppData\Local\pypoetry\Cache\virtualenvs\zhenxun-bot-k9jvl_fX-py3.10\lib\site-packages\uvicorn\main.py", line 577, in run
    server.run()
    │      └ <function Server.run at 0x0000028CCBFEA680>
    └ <uvicorn.server.Server object at 0x0000028CDBDE8310>

  File "C:\Users\Administrator\AppData\Local\pypoetry\Cache\virtualenvs\zhenxun-bot-k9jvl_fX-py3.10\lib\site-packages\uvicorn\server.py", line 65, in run
    return asyncio.run(self.serve(sockets=sockets))
           │       │   │    │             └ None
           │       │   │    └ <function Server.serve at 0x0000028CCBFEA710>
           │       │   └ <uvicorn.server.Server object at 0x0000028CDBDE8310>
           │       └ <function run at 0x0000028CC950CE50>
           └ <module 'asyncio' from 'C:\\Users\\Administrator\\AppData\\Local\\Programs\\Python\\Python310\\lib\\asyncio\\__init__.py'>

  File "C:\Users\Administrator\AppData\Local\Programs\Python\Python310\lib\asyncio\runners.py", line 44, in run
    return loop.run_until_complete(main)
           │    │                  └ <coroutine object Server.serve at 0x0000028CDB6FD850>
           │    └ <function BaseEventLoop.run_until_complete at 0x0000028CC9610280>
           └ <ProactorEventLoop running=True closed=False debug=False>

  File "C:\Users\Administrator\AppData\Local\Programs\Python\Python310\lib\asyncio\base_events.py", line 636, in run_until_complete
    self.run_forever()
    │    └ <function ProactorEventLoop.run_forever at 0x0000028CCB24D510>
    └ <ProactorEventLoop running=True closed=False debug=False>

  File "C:\Users\Administrator\AppData\Local\Programs\Python\Python310\lib\asyncio\windows_events.py", line 321, in run_forever
    super().run_forever()

  File "C:\Users\Administrator\AppData\Local\Programs\Python\Python310\lib\asyncio\base_events.py", line 603, in run_forever
    self._run_once()
    │    └ <function BaseEventLoop._run_once at 0x0000028CC9611CF0>
    └ <ProactorEventLoop running=True closed=False debug=False>

  File "C:\Users\Administrator\AppData\Local\Programs\Python\Python310\lib\asyncio\base_events.py", line 1909, in _run_once
    handle._run()
    │      └ <function Handle._run at 0x0000028CC95C09D0>
    └ <Handle Task.task_wakeup(<Future finished result=None>)>

  File "C:\Users\Administrator\AppData\Local\Programs\Python\Python310\lib\asyncio\events.py", line 80, in _run
    self._context.run(self._callback, *self._args)
    │    │            │    │           │    └ <member '_args' of 'Handle' objects>
    │    │            │    │           └ <Handle Task.task_wakeup(<Future finished result=None>)>
    │    │            │    └ <member '_callback' of 'Handle' objects>
    │    │            └ <Handle Task.task_wakeup(<Future finished result=None>)>
    │    └ <member '_context' of 'Handle' objects>
    └ <Handle Task.task_wakeup(<Future finished result=None>)>

  File "C:\Users\Administrator\AppData\Local\pypoetry\Cache\virtualenvs\zhenxun-bot-k9jvl_fX-py3.10\lib\site-packages\nonebot\message.py", line 476, in check_and_run_matcher
    await _run_matcher(
          └ <function _run_matcher at 0x0000028CCB96C9D0>

> File "C:\Users\Administrator\AppData\Local\pypoetry\Cache\virtualenvs\zhenxun-bot-k9jvl_fX-py3.10\lib\site-packages\nonebot\message.py", line 428, in _run_matcher
    await matcher.run(bot, event, state, stack, dependency_cache)
          │       │   │    │      │      │      └ {<function _event_to_me at 0x0000028CCB865CF0>: <Task finished name='Task-53068' coro=<_event_to_me() done, defined at C:\Use...
          │       │   │    │      │      └ <contextlib.AsyncExitStack object at 0x0000028CDFE5EC80>
          │       │   │    │      └ {'_prefix': {'command': None, 'raw_command': None, 'command_arg': None, 'command_start': None, 'command_whitespace': None}, '...
          │       │   │    └ GroupMessageEvent(time=1726567725, self_id=3973508735, post_type='message', sub_type='normal', user_id=843298567, message_typ...
          │       │   └ Bot(type='OneBot V11', self_id='3973508735')
          │       └ <function Matcher.run at 0x0000028CCB865B40>
          └ AlconnaMatcher(type='', module=zhenxun.builtin_plugins.sign_in, lineno=89)

  File "C:\Users\Administrator\AppData\Local\pypoetry\Cache\virtualenvs\zhenxun-bot-k9jvl_fX-py3.10\lib\site-packages\nonebot\internal\matcher\matcher.py", line 850, in run
    await self.simple_run(bot, event, state, stack, dependency_cache)
          │    │          │    │      │      │      └ {<function _event_to_me at 0x0000028CCB865CF0>: <Task finished name='Task-53068' coro=<_event_to_me() done, defined at C:\Use...
          │    │          │    │      │      └ <contextlib.AsyncExitStack object at 0x0000028CDFE5EC80>
          │    │          │    │      └ {'_prefix': {'command': None, 'raw_command': None, 'command_arg': None, 'command_start': None, 'command_whitespace': None}, '...
          │    │          │    └ GroupMessageEvent(time=1726567725, self_id=3973508735, post_type='message', sub_type='normal', user_id=843298567, message_typ...
          │    │          └ Bot(type='OneBot V11', self_id='3973508735')
          │    └ <function Matcher.simple_run at 0x0000028CCB865AB0>
          └ AlconnaMatcher(type='', module=zhenxun.builtin_plugins.sign_in, lineno=89)

  File "C:\Users\Administrator\AppData\Local\pypoetry\Cache\virtualenvs\zhenxun-bot-k9jvl_fX-py3.10\lib\site-packages\nonebot\internal\matcher\matcher.py", line 825, in simple_run
    await handler(
          └ Dependent(call=_, parameterless=(Depends(Dependent(call=_arparma_check), use_cache=False),))

  File "C:\Users\Administrator\AppData\Local\pypoetry\Cache\virtualenvs\zhenxun-bot-k9jvl_fX-py3.10\lib\site-packages\nonebot\dependencies\__init__.py", line 94, in __call__
    return await cast(Callable[..., Awaitable[R]], self.call)(**values)
                 │    │             │         │    │    │       └ {'session': Session(bot_id='3973508735', bot_type='OneBot V11', platform='qq', level=<SessionLevel.LEVEL2: 2>, id1='843298567...
                 │    │             │         │    │    └ <function _ at 0x0000028CCDC52B00>
                 │    │             │         │    └ Dependent(call=_, parameterless=(Depends(Dependent(call=_arparma_check), use_cache=False),))
                 │    │             │         └ ~R
                 │    │             └ <class 'collections.abc.Awaitable'>
                 │    └ typing.Callable
                 └ <function cast at 0x0000028CC939C4C0>

  File "C:\Program Files\zhenxun\zhenxun_bot-dev\zhenxun\builtin_plugins\sign_in\__init__.py", line 131, in _
    await MessageUtils.build_message(path).finish()
          │            │             └ WindowsPath('resources/image/sign/today_card/843298567_sign_2024-09-17.png')
          │            └ <classmethod(<function MessageUtils.build_message at 0x0000028CD0422440>)>
          └ <class 'zhenxun.utils.message.MessageUtils'>

  File "C:\Users\Administrator\AppData\Local\pypoetry\Cache\virtualenvs\zhenxun-bot-k9jvl_fX-py3.10\lib\site-packages\nonebot_plugin_alconna\uniseg\message.py", line 1407, in finish
    await self.send(target, bot, fallback, at_sender, reply_to, **kwargs)
          │    │    │       │    │         │          │           └ {}
          │    │    │       │    │         │          └ False
          │    │    │       │    │         └ False
          │    │    │       │    └ <FallbackStrategy.rollback: 'rollback'>
          │    │    │       └ None
          │    │    └ None
          │    └ <function UniMessage.send at 0x0000028CCE6FA3B0>
          └ [Image(id=None, url=None, path=WindowsPath('resources/image/sign/today_card/843298567_sign_2024-09-17.png'), raw=None, mimety...

  File "C:\Users\Administrator\AppData\Local\pypoetry\Cache\virtualenvs\zhenxun-bot-k9jvl_fX-py3.10\lib\site-packages\nonebot_plugin_alconna\uniseg\message.py", line 1395, in send
    res = await fn.send_to(target, bot, msg, **kwargs)
                │  │       │       │    │      └ {}
                │  │       │       │    └ [MessageSegment(type='image', data={'file': 'file:///C:/Program%20Files/zhenxun/zhenxun_bot-dev/resources/image/sign/today_ca...
                │  │       │       └ Bot(type='OneBot V11', self_id='3973508735')
                │  │       └ GroupMessageEvent(time=1726567725, self_id=3973508735, post_type='message', sub_type='normal', user_id=843298567, message_typ...
                │  └ <function Onebot11MessageExporter.send_to at 0x0000028CCE6BD750>
                └ <nonebot_plugin_alconna.uniseg.adapters.onebot11.exporter.Onebot11MessageExporter object at 0x0000028CCE62C6D0>

  File "C:\Users\Administrator\AppData\Local\pypoetry\Cache\virtualenvs\zhenxun-bot-k9jvl_fX-py3.10\lib\site-packages\nonebot_plugin_alconna\uniseg\adapters\onebot11\exporter.py", line 155, in send_to
    return await bot.send(target, message, **kwargs)  # type: ignore
                 │   │    │       │          └ {}
                 │   │    │       └ [MessageSegment(type='image', data={'file': 'file:///C:/Program%20Files/zhenxun/zhenxun_bot-dev/resources/image/sign/today_ca...
                 │   │    └ GroupMessageEvent(time=1726567725, self_id=3973508735, post_type='message', sub_type='normal', user_id=843298567, message_typ...
                 │   └ <function Bot.send at 0x0000028CCBD94160>
                 └ Bot(type='OneBot V11', self_id='3973508735')

  File "C:\Users\Administrator\AppData\Local\pypoetry\Cache\virtualenvs\zhenxun-bot-k9jvl_fX-py3.10\lib\site-packages\nonebot\adapters\onebot\v11\bot.py", line 237, in send
    return await self.__class__.send_handler(self, event, message, **kwargs)
                 │    │                      │     │      │          └ {}
                 │    │                      │     │      └ [MessageSegment(type='image', data={'file': 'file:///C:/Program%20Files/zhenxun/zhenxun_bot-dev/resources/image/sign/today_ca...
                 │    │                      │     └ GroupMessageEvent(time=1726567725, self_id=3973508735, post_type='message', sub_type='normal', user_id=843298567, message_typ...
                 │    │                      └ Bot(type='OneBot V11', self_id='3973508735')
                 │    └ <attribute '__class__' of 'object' objects>
                 └ Bot(type='OneBot V11', self_id='3973508735')

  File "C:\Users\Administrator\AppData\Local\pypoetry\Cache\virtualenvs\zhenxun-bot-k9jvl_fX-py3.10\lib\site-packages\nonebot\adapters\onebot\v11\bot.py", line 190, in send
    return await bot.send_msg(**params)
                 │              └ {'user_id': 843298567, 'group_id': 546881717, 'message_type': 'group', 'message': [MessageSegment(type='image', data={'file':...
                 └ Bot(type='OneBot V11', self_id='3973508735')

  File "C:\Users\Administrator\AppData\Local\pypoetry\Cache\virtualenvs\zhenxun-bot-k9jvl_fX-py3.10\lib\site-packages\nonebot\internal\adapter\bot.py", line 122, in call_api
    raise exception
          └ ActionFailed(status='failed', retcode=1200, data=None, message='Error: EventChecker Failed: NTEvent serviceAndMethod:NodeIKer...

  File "C:\Users\Administrator\AppData\Local\pypoetry\Cache\virtualenvs\zhenxun-bot-k9jvl_fX-py3.10\lib\site-packages\nonebot\internal\adapter\bot.py", line 97, in call_api
    result = await self.adapter._call_api(self, api, **data)
                   │    │       │         │     │      └ {'user_id': 843298567, 'group_id': 546881717, 'message_type': 'group', 'message': [MessageSegment(type='image', data={'file':...
                   │    │       │         │     └ 'send_msg'
                   │    │       │         └ Bot(type='OneBot V11', self_id='3973508735')
                   │    │       └ <function Adapter._call_api at 0x0000028CC9088820>
                   │    └ Adapter(name='OneBot V11')
                   └ Bot(type='OneBot V11', self_id='3973508735')

  File "C:\Users\Administrator\AppData\Local\pypoetry\Cache\virtualenvs\zhenxun-bot-k9jvl_fX-py3.10\lib\site-packages\nonebot\adapters\onebot\v11\adapter.py", line 147, in _call_api
    return handle_api_result(await self._result_store.fetch(seq, timeout))
           │                       │    │             │     │    └ 30.0
           │                       │    │             │     └ 21
           │                       │    │             └ <function ResultStore.fetch at 0x0000028CCBD952D0>
           │                       │    └ <nonebot.adapters.onebot.store.ResultStore object at 0x0000028CCBA705E0>
           │                       └ Adapter(name='OneBot V11')
           └ <function handle_api_result at 0x0000028CCBD1C280>

  File "C:\Users\Administrator\AppData\Local\pypoetry\Cache\virtualenvs\zhenxun-bot-k9jvl_fX-py3.10\lib\site-packages\nonebot\adapters\onebot\v11\utils.py", line 58, in handle_api_result
    raise ActionFailed(**result)
          │              └ {'status': 'failed', 'retcode': 1200, 'data': None, 'message': 'Error: EventChecker Failed: NTEvent serviceAndMethod:NodeIKer...
          └ <class 'nonebot.adapters.onebot.v11.exception.ActionFailed'>

nonebot.adapters.onebot.v11.exception.ActionFailed: ActionFailed(status='failed', retcode=1200, data=None, message='Error: EventChecker Failed: NTEvent serviceAndMethod:NodeIKernelMsgService/sendMsg ListenerName:NodeIKernelMsgListener/onMsgInfoListUpdate EventRet:\n{\n    "result": -1,\n    "errMsg": "rich media transfer failed"\n}\n\n    at file:///C:/Users/Administrator/Documents/LiteloaderQQNT/plugins/NapCat.Framework/napcat.mjs:7704:15', wording='Error: EventChecker Failed: NTEvent serviceAndMethod:NodeIKernelMsgService/sendMsg ListenerName:NodeIKernelMsgListener/onMsgInfoListUpdate EventRet:\n{\n    "result": -1,\n    "errMsg": "rich media transfer failed"\n}\n\n    at file:///C:/Users/Administrator/Documents/LiteloaderQQNT/plugins/NapCat.Framework/napcat.mjs:7704:15', echo='21')
09-17 18:10:05 [ERROR] zhenxun | 用户[843298567] CMD[群聊请求] [Target]([546881717]) 超级用户自动同意加入群聊发生错误 || 错误 <class 'nonebot.adapters.onebot.v11.exception.ActionFailed'>: ActionFailed(status='failed', retcode=1200, data=None, message='Error: Timeout: NTEvent serviceAndMethod:NodeIKernelSearchService/searchGroup ListenerName:NodeIKernelSearchListener/onSearchGroupResult EventRet:\n{}\n\n    at Timeout.sendDataCallback [as _onTimeout] (file:///C:/Users/Administrator/Documents/LiteloaderQQNT/plugins/NapCat.Framework/napcat.mjs:7666:15)\n    at listOnTimeout (node:internal/timers:573:17)\n    at process.processTimers (node:internal/timers:514:7)', wording='Error: Timeout: NTEvent serviceAndMethod:NodeIKernelSearchService/searchGroup ListenerName:NodeIKernelSearchListener/onSearchGroupResult EventRet:\n{}\n\n    at Timeout.sendDataCallback [as _onTimeout] (file:///C:/Users/Administrator/Documents/LiteloaderQQNT/plugins/NapCat.Framework/napcat.mjs:7666:15)\n    at listOnTimeout (node:internal/timers:573:17)\n    at process.processTimers (node:internal/timers:514:7)', echo='20')
09-17 18:48:10 [ERROR] zhenxun | 用户[843298567] CMD[群聊请求] [Target]([992333365]) 超级用户自动同意加入群聊发生错误 || 错误 <class 'nonebot.adapters.onebot.v11.exception.ActionFailed'>: ActionFailed(status='failed', retcode=1200, data=None, message='Error: Timeout: NTEvent serviceAndMethod:NodeIKernelSearchService/searchGroup ListenerName:NodeIKernelSearchListener/onSearchGroupResult EventRet:\n{}\n\n    at Timeout.sendDataCallback [as _onTimeout] (file:///C:/Users/Administrator/Documents/LiteloaderQQNT/plugins/NapCat.Framework/napcat.mjs:7666:15)\n    at listOnTimeout (node:internal/timers:573:17)\n    at process.processTimers (node:internal/timers:514:7)', wording='Error: Timeout: NTEvent serviceAndMethod:NodeIKernelSearchService/searchGroup ListenerName:NodeIKernelSearchListener/onSearchGroupResult EventRet:\n{}\n\n    at Timeout.sendDataCallback [as _onTimeout] (file:///C:/Users/Administrator/Documents/LiteloaderQQNT/plugins/NapCat.Framework/napcat.mjs:7666:15)\n    at listOnTimeout (node:internal/timers:573:17)\n    at process.processTimers (node:internal/timers:514:7)', echo='33')
